avr. 06, 2014 4:34:38 PM org.apache.catalina.core.AprLifecycleListener init
Infos: The Apache Tomcat Native library which allows optimal performance in production environments was not found on the java.library.path: /usr/java/packages/lib/amd64:/usr/lib64:/lib64:/lib:/usr/lib
avr. 06, 2014 4:34:38 PM org.apache.coyote.http11.Http11Protocol init
Infos: Initialisation de Coyote HTTP/1.1 sur http-8080
avr. 06, 2014 4:34:38 PM org.apache.catalina.startup.Catalina load
Infos: Initialization processed in 404 ms
avr. 06, 2014 4:34:38 PM org.apache.catalina.core.StandardService start
Infos: Démarrage du service Catalina
avr. 06, 2014 4:34:38 PM org.apache.catalina.core.StandardEngine start
Infos: Starting Servlet Engine: Apache Tomcat/6.0.14
avr. 06, 2014 4:34:38 PM org.apache.coyote.http11.Http11Protocol start
Infos: Démarrage de Coyote HTTP/1.1 sur http-8080
avr. 06, 2014 4:34:38 PM org.apache.jk.common.ChannelSocket init
Infos: JK: ajp13 listening on /0.0.0.0:8009
avr. 06, 2014 4:34:38 PM org.apache.jk.server.JkMain start
Infos: Jk running ID=0 time=0/23  config=null
avr. 06, 2014 4:34:38 PM org.apache.catalina.startup.Catalina start
Infos: Server startup in 384 ms
avr. 06, 2014 4:36:03 PM org.apache.coyote.http11.Http11Protocol pause
Infos: Suspension de Coyote HTTP/1.1 sur http-8080
avr. 06, 2014 4:36:03 PM org.apache.catalina.connector.Connector pause
Grave: La suspension du gestionnaire de protocole a échouée
java.net.UnknownHostException: karvel: karvel: Nom ou service inconnu
	at java.net.InetAddress.getLocalHost(InetAddress.java:1473)
	at org.apache.jk.common.ChannelSocket.unLockSocket(ChannelSocket.java:484)
	at org.apache.jk.common.ChannelSocket.pause(ChannelSocket.java:283)
	at org.apache.jk.server.JkMain.pause(JkMain.java:681)
	at org.apache.jk.server.JkCoyoteHandler.pause(JkCoyoteHandler.java:153)
	at org.apache.catalina.connector.Connector.pause(Connector.java:1074)
	at org.apache.catalina.core.StandardService.stop(StandardService.java:563)
	at org.apache.catalina.core.StandardServer.stop(StandardServer.java:744)
	at org.apache.catalina.startup.Catalina.stop(Catalina.java:616)
	at org.apache.catalina.startup.Catalina.start(Catalina.java:591)
	at sun.reflect.NativeMethodAccessorImpl.invoke0(Native Method)
	at sun.reflect.NativeMethodAccessorImpl.invoke(NativeMethodAccessorImpl.java:57)
	at sun.reflect.DelegatingMethodAccessorImpl.invoke(DelegatingMethodAccessorImpl.java:43)
	at java.lang.reflect.Method.invoke(Method.java:606)
	at org.apache.catalina.startup.Bootstrap.start(Bootstrap.java:288)
	at org.apache.catalina.startup.Bootstrap.main(Bootstrap.java:413)
Caused by: java.net.UnknownHostException: karvel: Nom ou service inconnu
	at java.net.Inet6AddressImpl.lookupAllHostAddr(Native Method)
	at java.net.InetAddress$1.lookupAllHostAddr(InetAddress.java:901)
	at java.net.InetAddress.getAddressesFromNameService(InetAddress.java:1293)
	at java.net.InetAddress.getLocalHost(InetAddress.java:1469)
	... 15 more

avr. 06, 2014 4:36:04 PM org.apache.catalina.core.StandardService stop
Infos: Arrêt du service Catalina
avr. 06, 2014 4:36:04 PM org.apache.coyote.http11.Http11Protocol destroy
Infos: Arrêt de Coyote HTTP/1.1 sur http-8080
avr. 06, 2014 4:36:08 PM org.apache.catalina.core.AprLifecycleListener init
Infos: The Apache Tomcat Native library which allows optimal performance in production environments was not found on the java.library.path: /usr/java/packages/lib/amd64:/usr/lib64:/lib64:/lib:/usr/lib
avr. 06, 2014 4:36:08 PM org.apache.coyote.http11.Http11Protocol init
Infos: Initialisation de Coyote HTTP/1.1 sur http-8080
avr. 06, 2014 4:36:08 PM org.apache.catalina.startup.Catalina load
Infos: Initialization processed in 399 ms
avr. 06, 2014 4:36:08 PM org.apache.catalina.core.StandardService start
Infos: Démarrage du service Catalina
avr. 06, 2014 4:36:08 PM org.apache.catalina.core.StandardEngine start
Infos: Starting Servlet Engine: Apache Tomcat/6.0.14
avr. 06, 2014 4:36:09 PM org.apache.coyote.http11.Http11Protocol start
Infos: Démarrage de Coyote HTTP/1.1 sur http-8080
avr. 06, 2014 4:36:09 PM org.apache.jk.common.ChannelSocket init
Infos: JK: ajp13 listening on /0.0.0.0:8009
avr. 06, 2014 4:36:09 PM org.apache.jk.server.JkMain start
Infos: Jk running ID=0 time=0/21  config=null
avr. 06, 2014 4:36:09 PM org.apache.catalina.startup.Catalina start
Infos: Server startup in 389 ms
avr. 06, 2014 4:41:51 PM org.apache.coyote.http11.Http11Protocol pause
Infos: Suspension de Coyote HTTP/1.1 sur http-8080
avr. 06, 2014 4:41:51 PM org.apache.catalina.connector.Connector pause
Grave: La suspension du gestionnaire de protocole a échouée
java.net.UnknownHostException: karvel: karvel: Nom ou service inconnu
	at java.net.InetAddress.getLocalHost(InetAddress.java:1473)
	at org.apache.jk.common.ChannelSocket.unLockSocket(ChannelSocket.java:484)
	at org.apache.jk.common.ChannelSocket.pause(ChannelSocket.java:283)
	at org.apache.jk.server.JkMain.pause(JkMain.java:681)
	at org.apache.jk.server.JkCoyoteHandler.pause(JkCoyoteHandler.java:153)
	at org.apache.catalina.connector.Connector.pause(Connector.java:1074)
	at org.apache.catalina.core.StandardService.stop(StandardService.java:563)
	at org.apache.catalina.core.StandardServer.stop(StandardServer.java:744)
	at org.apache.catalina.startup.Catalina.stop(Catalina.java:616)
	at org.apache.catalina.startup.Catalina.start(Catalina.java:591)
	at sun.reflect.NativeMethodAccessorImpl.invoke0(Native Method)
	at sun.reflect.NativeMethodAccessorImpl.invoke(NativeMethodAccessorImpl.java:57)
	at sun.reflect.DelegatingMethodAccessorImpl.invoke(DelegatingMethodAccessorImpl.java:43)
	at java.lang.reflect.Method.invoke(Method.java:606)
	at org.apache.catalina.startup.Bootstrap.start(Bootstrap.java:288)
	at org.apache.catalina.startup.Bootstrap.main(Bootstrap.java:413)
Caused by: java.net.UnknownHostException: karvel: Nom ou service inconnu
	at java.net.Inet6AddressImpl.lookupAllHostAddr(Native Method)
	at java.net.InetAddress$1.lookupAllHostAddr(InetAddress.java:901)
	at java.net.InetAddress.getAddressesFromNameService(InetAddress.java:1293)
	at java.net.InetAddress.getLocalHost(InetAddress.java:1469)
	... 15 more

avr. 06, 2014 4:41:52 PM org.apache.catalina.core.StandardService stop
Infos: Arrêt du service Catalina
avr. 06, 2014 4:41:52 PM org.apache.coyote.http11.Http11Protocol destroy
Infos: Arrêt de Coyote HTTP/1.1 sur http-8080
avr. 06, 2014 4:41:56 PM org.apache.catalina.core.AprLifecycleListener init
Infos: The Apache Tomcat Native library which allows optimal performance in production environments was not found on the java.library.path: /usr/java/packages/lib/amd64:/usr/lib64:/lib64:/lib:/usr/lib
avr. 06, 2014 4:41:56 PM org.apache.coyote.http11.Http11Protocol init
Infos: Initialisation de Coyote HTTP/1.1 sur http-8080
avr. 06, 2014 4:41:56 PM org.apache.catalina.startup.Catalina load
Infos: Initialization processed in 385 ms
avr. 06, 2014 4:41:56 PM org.apache.catalina.core.StandardService start
Infos: Démarrage du service Catalina
avr. 06, 2014 4:41:56 PM org.apache.catalina.core.StandardEngine start
Infos: Starting Servlet Engine: Apache Tomcat/6.0.14
avr. 06, 2014 4:41:56 PM org.apache.coyote.http11.Http11Protocol start
Infos: Démarrage de Coyote HTTP/1.1 sur http-8080
avr. 06, 2014 4:41:56 PM org.apache.jk.common.ChannelSocket init
Infos: JK: ajp13 listening on /0.0.0.0:8009
avr. 06, 2014 4:41:56 PM org.apache.jk.server.JkMain start
Infos: Jk running ID=0 time=0/20  config=null
avr. 06, 2014 4:41:56 PM org.apache.catalina.startup.Catalina start
Infos: Server startup in 393 ms
avr. 06, 2014 4:44:03 PM org.apache.coyote.http11.Http11Protocol pause
Infos: Suspension de Coyote HTTP/1.1 sur http-8080
avr. 06, 2014 4:44:03 PM org.apache.catalina.connector.Connector pause
Grave: La suspension du gestionnaire de protocole a échouée
java.net.UnknownHostException: karvel: karvel: Aucune adresse associée avec le nom de l'hôte
	at java.net.InetAddress.getLocalHost(InetAddress.java:1473)
	at org.apache.jk.common.ChannelSocket.unLockSocket(ChannelSocket.java:484)
	at org.apache.jk.common.ChannelSocket.pause(ChannelSocket.java:283)
	at org.apache.jk.server.JkMain.pause(JkMain.java:681)
	at org.apache.jk.server.JkCoyoteHandler.pause(JkCoyoteHandler.java:153)
	at org.apache.catalina.connector.Connector.pause(Connector.java:1074)
	at org.apache.catalina.core.StandardService.stop(StandardService.java:563)
	at org.apache.catalina.core.StandardServer.stop(StandardServer.java:744)
	at org.apache.catalina.startup.Catalina.stop(Catalina.java:616)
	at org.apache.catalina.startup.Catalina.start(Catalina.java:591)
	at sun.reflect.NativeMethodAccessorImpl.invoke0(Native Method)
	at sun.reflect.NativeMethodAccessorImpl.invoke(NativeMethodAccessorImpl.java:57)
	at sun.reflect.DelegatingMethodAccessorImpl.invoke(DelegatingMethodAccessorImpl.java:43)
	at java.lang.reflect.Method.invoke(Method.java:606)
	at org.apache.catalina.startup.Bootstrap.start(Bootstrap.java:288)
	at org.apache.catalina.startup.Bootstrap.main(Bootstrap.java:413)
Caused by: java.net.UnknownHostException: karvel: Aucune adresse associée avec le nom de l'hôte
	at java.net.Inet6AddressImpl.lookupAllHostAddr(Native Method)
	at java.net.InetAddress$1.lookupAllHostAddr(InetAddress.java:901)
	at java.net.InetAddress.getAddressesFromNameService(InetAddress.java:1293)
	at java.net.InetAddress.getLocalHost(InetAddress.java:1469)
	... 15 more

avr. 06, 2014 4:44:04 PM org.apache.catalina.core.StandardService stop
Infos: Arrêt du service Catalina
avr. 06, 2014 4:44:04 PM org.apache.coyote.http11.Http11Protocol destroy
Infos: Arrêt de Coyote HTTP/1.1 sur http-8080
avr. 06, 2014 4:44:08 PM org.apache.catalina.core.AprLifecycleListener init
Infos: The Apache Tomcat Native library which allows optimal performance in production environments was not found on the java.library.path: /usr/java/packages/lib/amd64:/usr/lib64:/lib64:/lib:/usr/lib
avr. 06, 2014 4:44:09 PM org.apache.coyote.http11.Http11Protocol init
Infos: Initialisation de Coyote HTTP/1.1 sur http-8080
avr. 06, 2014 4:44:09 PM org.apache.catalina.startup.Catalina load
Infos: Initialization processed in 392 ms
avr. 06, 2014 4:44:09 PM org.apache.catalina.core.StandardService start
Infos: Démarrage du service Catalina
avr. 06, 2014 4:44:09 PM org.apache.catalina.core.StandardEngine start
Infos: Starting Servlet Engine: Apache Tomcat/6.0.14
avr. 06, 2014 4:44:09 PM org.apache.coyote.http11.Http11Protocol start
Infos: Démarrage de Coyote HTTP/1.1 sur http-8080
avr. 06, 2014 4:44:09 PM org.apache.jk.common.ChannelSocket init
Infos: JK: ajp13 listening on /0.0.0.0:8009
avr. 06, 2014 4:44:09 PM org.apache.jk.server.JkMain start
Infos: Jk running ID=0 time=0/21  config=null
avr. 06, 2014 4:44:09 PM org.apache.catalina.startup.Catalina start
Infos: Server startup in 381 ms
