/home/sarkal/workspace/intBD_TP2/apache-tomcat-6.0.14/bin/catalina.sh: 273: /home/sarkal/workspace/intBD_TP2/apache-tomcat-6.0.14/bin/catalina.sh: /usr/bin/java/bin/java: not found
/home/sarkal/workspace/intBD_TP2/apache-tomcat-6.0.14/bin/catalina.sh: 273: /home/sarkal/workspace/intBD_TP2/apache-tomcat-6.0.14/bin/catalina.sh: /usr/bin/java/bin/java: not found
/home/sarkal/workspace/intBD_TP2/apache-tomcat-6.0.14/bin/catalina.sh: 273: /home/sarkal/workspace/intBD_TP2/apache-tomcat-6.0.14/bin/catalina.sh: /usr/bin/java/bin/java: not found
./catalina.sh: 273: ./catalina.sh: /usr/bin/java/bin/java: not found
/home/sarkal/workspace/intBD_TP2/apache-tomcat-6.0.14/bin/catalina.sh: 273: /home/sarkal/workspace/intBD_TP2/apache-tomcat-6.0.14/bin/catalina.sh: /usr/bin/java/bin/java: not found
/home/sarkal/workspace/intBD_TP2/apache-tomcat-6.0.14/bin/catalina.sh: 273: /home/sarkal/workspace/intBD_TP2/apache-tomcat-6.0.14/bin/catalina.sh: /usr/bin/java/bin/java: not found
/home/sarkal/workspace/intBD_TP2/apache-tomcat-6.0.14/bin/catalina.sh: 273: /home/sarkal/workspace/intBD_TP2/apache-tomcat-6.0.14/bin/catalina.sh: /usr/bin/java/bin/java: not found
mars 12, 2014 4:32:59 PM org.apache.catalina.core.AprLifecycleListener init
Infos: The Apache Tomcat Native library which allows optimal performance in production environments was not found on the java.library.path: /usr/lib32:/usr/java/packages/lib/amd64:/usr/lib/x86_64-linux-gnu/jni:/lib/x86_64-linux-gnu:/usr/lib/x86_64-linux-gnu:/usr/lib/jni:/lib:/usr/lib
mars 12, 2014 4:32:59 PM org.apache.coyote.http11.Http11Protocol init
Infos: Initialisation de Coyote HTTP/1.1 sur http-8080
mars 12, 2014 4:32:59 PM org.apache.catalina.startup.Catalina load
Infos: Initialization processed in 411 ms
mars 12, 2014 4:32:59 PM org.apache.catalina.core.StandardService start
Infos: Démarrage du service Catalina
mars 12, 2014 4:32:59 PM org.apache.catalina.core.StandardEngine start
Infos: Starting Servlet Engine: Apache Tomcat/6.0.14
mars 12, 2014 4:33:00 PM org.apache.coyote.http11.Http11Protocol start
Infos: Démarrage de Coyote HTTP/1.1 sur http-8080
mars 12, 2014 4:33:00 PM org.apache.jk.common.ChannelSocket init
Infos: JK: ajp13 listening on /0.0.0.0:8009
mars 12, 2014 4:33:00 PM org.apache.jk.server.JkMain start
Infos: Jk running ID=0 time=0/21  config=null
mars 12, 2014 4:33:00 PM org.apache.catalina.startup.Catalina start
Infos: Server startup in 373 ms
mars 12, 2014 4:33:33 PM org.apache.coyote.http11.Http11Protocol pause
Infos: Suspension de Coyote HTTP/1.1 sur http-8080
mars 12, 2014 4:33:34 PM org.apache.catalina.core.StandardService stop
Infos: Arrêt du service Catalina
mars 12, 2014 4:33:34 PM org.apache.coyote.http11.Http11Protocol destroy
Infos: Arrêt de Coyote HTTP/1.1 sur http-8080
mars 19, 2014 2:50:08 PM org.apache.catalina.core.AprLifecycleListener init
Infos: The Apache Tomcat Native library which allows optimal performance in production environments was not found on the java.library.path: /usr/lib32:/usr/java/packages/lib/amd64:/usr/lib/x86_64-linux-gnu/jni:/lib/x86_64-linux-gnu:/usr/lib/x86_64-linux-gnu:/usr/lib/jni:/lib:/usr/lib
mars 19, 2014 2:50:08 PM org.apache.coyote.http11.Http11Protocol init
Infos: Initialisation de Coyote HTTP/1.1 sur http-8080
mars 19, 2014 2:50:08 PM org.apache.catalina.startup.Catalina load
Infos: Initialization processed in 523 ms
mars 19, 2014 2:50:09 PM org.apache.catalina.core.StandardService start
Infos: Démarrage du service Catalina
mars 19, 2014 2:50:09 PM org.apache.catalina.core.StandardEngine start
Infos: Starting Servlet Engine: Apache Tomcat/6.0.14
mars 19, 2014 2:50:09 PM org.apache.coyote.http11.Http11Protocol start
Infos: Démarrage de Coyote HTTP/1.1 sur http-8080
mars 19, 2014 2:50:09 PM org.apache.jk.common.ChannelSocket init
Infos: JK: ajp13 listening on /0.0.0.0:8009
mars 19, 2014 2:50:09 PM org.apache.jk.server.JkMain start
Infos: Jk running ID=0 time=0/31  config=null
mars 19, 2014 2:50:09 PM org.apache.catalina.startup.Catalina start
Infos: Server startup in 684 ms
mars 19, 2014 2:56:46 PM org.apache.catalina.core.AprLifecycleListener init
Infos: The Apache Tomcat Native library which allows optimal performance in production environments was not found on the java.library.path: /usr/lib32:/usr/java/packages/lib/amd64:/usr/lib/x86_64-linux-gnu/jni:/lib/x86_64-linux-gnu:/usr/lib/x86_64-linux-gnu:/usr/lib/jni:/lib:/usr/lib
mars 19, 2014 2:56:46 PM org.apache.coyote.http11.Http11Protocol init
Infos: Initialisation de Coyote HTTP/1.1 sur http-8080
mars 19, 2014 2:56:46 PM org.apache.catalina.startup.Catalina load
Infos: Initialization processed in 424 ms
mars 19, 2014 2:56:46 PM org.apache.catalina.core.StandardService start
Infos: Démarrage du service Catalina
mars 19, 2014 2:56:46 PM org.apache.catalina.core.StandardEngine start
Infos: Starting Servlet Engine: Apache Tomcat/6.0.14
mars 19, 2014 2:56:46 PM org.apache.coyote.http11.Http11Protocol start
Infos: Démarrage de Coyote HTTP/1.1 sur http-8080
mars 19, 2014 2:56:46 PM org.apache.jk.common.ChannelSocket init
Infos: JK: ajp13 listening on /0.0.0.0:8009
mars 19, 2014 2:56:46 PM org.apache.jk.server.JkMain start
Infos: Jk running ID=0 time=0/19  config=null
mars 19, 2014 2:56:46 PM org.apache.catalina.startup.Catalina start
Infos: Server startup in 404 ms
mars 19, 2014 3:02:44 PM org.apache.coyote.http11.Http11Protocol pause
Infos: Suspension de Coyote HTTP/1.1 sur http-8080
mars 19, 2014 3:02:45 PM org.apache.catalina.core.AprLifecycleListener init
Infos: The Apache Tomcat Native library which allows optimal performance in production environments was not found on the java.library.path: /usr/lib32:/usr/java/packages/lib/amd64:/usr/lib/x86_64-linux-gnu/jni:/lib/x86_64-linux-gnu:/usr/lib/x86_64-linux-gnu:/usr/lib/jni:/lib:/usr/lib
mars 19, 2014 3:02:45 PM org.apache.coyote.http11.Http11Protocol init
Grave: Erreur à l'initialisation du point de contact
java.net.BindException: Adresse déjà utilisée:8080
	at org.apache.tomcat.util.net.JIoEndpoint.init(JIoEndpoint.java:501)
	at org.apache.coyote.http11.Http11Protocol.init(Http11Protocol.java:177)
	at org.apache.catalina.connector.Connector.initialize(Connector.java:1059)
	at org.apache.catalina.core.StandardService.initialize(StandardService.java:677)
	at org.apache.catalina.core.StandardServer.initialize(StandardServer.java:792)
	at org.apache.catalina.startup.Catalina.load(Catalina.java:518)
	at org.apache.catalina.startup.Catalina.load(Catalina.java:538)
	at sun.reflect.NativeMethodAccessorImpl.invoke0(Native Method)
	at sun.reflect.NativeMethodAccessorImpl.invoke(NativeMethodAccessorImpl.java:57)
	at sun.reflect.DelegatingMethodAccessorImpl.invoke(DelegatingMethodAccessorImpl.java:43)
	at java.lang.reflect.Method.invoke(Method.java:606)
	at org.apache.catalina.startup.Bootstrap.load(Bootstrap.java:260)
	at org.apache.catalina.startup.Bootstrap.main(Bootstrap.java:412)

mars 19, 2014 3:02:45 PM org.apache.catalina.startup.Catalina load
Grave: Catalina.start
LifecycleException:  L'initialisation du gestionnaire de protocole a échoué: java.net.BindException: Adresse déjà utilisée:8080
	at org.apache.catalina.connector.Connector.initialize(Connector.java:1061)
	at org.apache.catalina.core.StandardService.initialize(StandardService.java:677)
	at org.apache.catalina.core.StandardServer.initialize(StandardServer.java:792)
	at org.apache.catalina.startup.Catalina.load(Catalina.java:518)
	at org.apache.catalina.startup.Catalina.load(Catalina.java:538)
	at sun.reflect.NativeMethodAccessorImpl.invoke0(Native Method)
	at sun.reflect.NativeMethodAccessorImpl.invoke(NativeMethodAccessorImpl.java:57)
	at sun.reflect.DelegatingMethodAccessorImpl.invoke(DelegatingMethodAccessorImpl.java:43)
	at java.lang.reflect.Method.invoke(Method.java:606)
	at org.apache.catalina.startup.Bootstrap.load(Bootstrap.java:260)
	at org.apache.catalina.startup.Bootstrap.main(Bootstrap.java:412)

mars 19, 2014 3:02:45 PM org.apache.catalina.startup.Catalina load
Infos: Initialization processed in 422 ms
mars 19, 2014 3:02:45 PM org.apache.catalina.core.StandardService start
Infos: Démarrage du service Catalina
mars 19, 2014 3:02:45 PM org.apache.catalina.core.StandardEngine start
Infos: Starting Servlet Engine: Apache Tomcat/6.0.14
mars 19, 2014 3:02:45 PM org.apache.coyote.http11.Http11Protocol start
Grave: Erreur au démarrage du point de contact
java.net.BindException: Adresse déjà utilisée:8080
	at org.apache.tomcat.util.net.JIoEndpoint.init(JIoEndpoint.java:501)
	at org.apache.tomcat.util.net.JIoEndpoint.start(JIoEndpoint.java:515)
	at org.apache.coyote.http11.Http11Protocol.start(Http11Protocol.java:204)
	at org.apache.catalina.connector.Connector.start(Connector.java:1132)
	at org.apache.catalina.core.StandardService.start(StandardService.java:531)
	at org.apache.catalina.core.StandardServer.start(StandardServer.java:710)
	at org.apache.catalina.startup.Catalina.start(Catalina.java:566)
	at sun.reflect.NativeMethodAccessorImpl.invoke0(Native Method)
	at sun.reflect.NativeMethodAccessorImpl.invoke(NativeMethodAccessorImpl.java:57)
	at sun.reflect.DelegatingMethodAccessorImpl.invoke(DelegatingMethodAccessorImpl.java:43)
	at java.lang.reflect.Method.invoke(Method.java:606)
	at org.apache.catalina.startup.Bootstrap.start(Bootstrap.java:288)
	at org.apache.catalina.startup.Bootstrap.main(Bootstrap.java:413)

mars 19, 2014 3:02:45 PM org.apache.catalina.startup.Catalina start
Grave: Catalina.start: 
LifecycleException:  service.getName(): "Catalina";  Le démarrage du gestionnaire de protocole a échoué: java.net.BindException: Adresse déjà utilisée:8080
	at org.apache.catalina.connector.Connector.start(Connector.java:1139)
	at org.apache.catalina.core.StandardService.start(StandardService.java:531)
	at org.apache.catalina.core.StandardServer.start(StandardServer.java:710)
	at org.apache.catalina.startup.Catalina.start(Catalina.java:566)
	at sun.reflect.NativeMethodAccessorImpl.invoke0(Native Method)
	at sun.reflect.NativeMethodAccessorImpl.invoke(NativeMethodAccessorImpl.java:57)
	at sun.reflect.DelegatingMethodAccessorImpl.invoke(DelegatingMethodAccessorImpl.java:43)
	at java.lang.reflect.Method.invoke(Method.java:606)
	at org.apache.catalina.startup.Bootstrap.start(Bootstrap.java:288)
	at org.apache.catalina.startup.Bootstrap.main(Bootstrap.java:413)

mars 19, 2014 3:02:45 PM org.apache.catalina.startup.Catalina start
Infos: Server startup in 299 ms
mars 19, 2014 3:02:45 PM org.apache.catalina.core.StandardService stop
Infos: Arrêt du service Catalina
mars 19, 2014 3:02:45 PM org.apache.coyote.http11.Http11Protocol destroy
Infos: Arrêt de Coyote HTTP/1.1 sur http-8080
mars 19, 2014 3:03:53 PM org.apache.coyote.http11.Http11Protocol pause
Infos: Suspension de Coyote HTTP/1.1 sur http-8080
mars 19, 2014 3:03:53 PM org.apache.catalina.connector.Connector pause
Grave: La suspension du gestionnaire de protocole a échouée
java.lang.NullPointerException
	at org.apache.jk.server.JkMain.pause(JkMain.java:679)
	at org.apache.jk.server.JkCoyoteHandler.pause(JkCoyoteHandler.java:153)
	at org.apache.catalina.connector.Connector.pause(Connector.java:1074)
	at org.apache.catalina.core.StandardService.stop(StandardService.java:563)
	at org.apache.catalina.core.StandardServer.stop(StandardServer.java:744)
	at org.apache.catalina.startup.Catalina.stop(Catalina.java:616)
	at org.apache.catalina.startup.Catalina.start(Catalina.java:591)
	at sun.reflect.NativeMethodAccessorImpl.invoke0(Native Method)
	at sun.reflect.NativeMethodAccessorImpl.invoke(NativeMethodAccessorImpl.java:57)
	at sun.reflect.DelegatingMethodAccessorImpl.invoke(DelegatingMethodAccessorImpl.java:43)
	at java.lang.reflect.Method.invoke(Method.java:606)
	at org.apache.catalina.startup.Bootstrap.start(Bootstrap.java:288)
	at org.apache.catalina.startup.Bootstrap.main(Bootstrap.java:413)

mars 19, 2014 3:03:54 PM org.apache.catalina.core.AprLifecycleListener init
Infos: The Apache Tomcat Native library which allows optimal performance in production environments was not found on the java.library.path: /usr/lib32:/usr/java/packages/lib/amd64:/usr/lib/x86_64-linux-gnu/jni:/lib/x86_64-linux-gnu:/usr/lib/x86_64-linux-gnu:/usr/lib/jni:/lib:/usr/lib
mars 19, 2014 3:03:54 PM org.apache.coyote.http11.Http11Protocol init
Infos: Initialisation de Coyote HTTP/1.1 sur http-8080
mars 19, 2014 3:03:54 PM org.apache.catalina.startup.Catalina load
Infos: Initialization processed in 424 ms
mars 19, 2014 3:03:54 PM org.apache.catalina.core.StandardService start
Infos: Démarrage du service Catalina
mars 19, 2014 3:03:54 PM org.apache.catalina.core.StandardEngine start
Infos: Starting Servlet Engine: Apache Tomcat/6.0.14
mars 19, 2014 3:03:54 PM org.apache.coyote.http11.Http11Protocol start
Infos: Démarrage de Coyote HTTP/1.1 sur http-8080
mars 19, 2014 3:03:54 PM org.apache.catalina.core.StandardService stop
Infos: Arrêt du service Catalina
mars 19, 2014 3:03:55 PM org.apache.jk.common.ChannelSocket init
Infos: JK: ajp13 listening on /0.0.0.0:8009
mars 19, 2014 3:03:55 PM org.apache.catalina.connector.MapperListener destroy
Avertissement: Error unregistering MBeanServerDelegate
java.lang.NullPointerException
	at org.apache.catalina.connector.MapperListener.destroy(MapperListener.java:162)
	at org.apache.catalina.connector.Connector.stop(Connector.java:1180)
	at org.apache.catalina.core.StandardService.stop(StandardService.java:593)
	at org.apache.catalina.core.StandardServer.stop(StandardServer.java:744)
	at org.apache.catalina.startup.Catalina.stop(Catalina.java:616)
	at org.apache.catalina.startup.Catalina.start(Catalina.java:591)
	at sun.reflect.NativeMethodAccessorImpl.invoke0(Native Method)
	at sun.reflect.NativeMethodAccessorImpl.invoke(NativeMethodAccessorImpl.java:57)
	at sun.reflect.DelegatingMethodAccessorImpl.invoke(DelegatingMethodAccessorImpl.java:43)
	at java.lang.reflect.Method.invoke(Method.java:606)
	at org.apache.catalina.startup.Bootstrap.start(Bootstrap.java:288)
	at org.apache.catalina.startup.Bootstrap.main(Bootstrap.java:413)

mars 19, 2014 3:03:55 PM org.apache.coyote.http11.Http11Protocol destroy
Infos: Arrêt de Coyote HTTP/1.1 sur http-8080
mars 19, 2014 3:03:55 PM org.apache.catalina.connector.Connector stop
Grave: Le connecteur Coyote n'a pas été démarré
mars 19, 2014 3:03:55 PM org.apache.jk.server.JkMain start
Infos: Jk running ID=0 time=0/29  config=null
mars 19, 2014 3:03:55 PM org.apache.catalina.startup.Catalina start
Infos: Server startup in 371 ms
mars 19, 2014 3:20:24 PM org.apache.catalina.startup.HostConfig checkResources
Infos: Repli (undeploy) de l'application web ayant pour chemin de contexte 
mars 19, 2014 3:20:25 PM org.apache.catalina.session.StandardManager doUnload
Grave: "IOException" lors de la sauvegarde de sessions persistantes: java.io.FileNotFoundException: /home/sarkal/workspace/Theatre/apache-tomcat-6.0.14/work/Catalina/localhost/_/SESSIONS.ser (Aucun fichier ou dossier de ce type)
java.io.FileNotFoundException: /home/sarkal/workspace/Theatre/apache-tomcat-6.0.14/work/Catalina/localhost/_/SESSIONS.ser (Aucun fichier ou dossier de ce type)
	at java.io.FileOutputStream.open(Native Method)
	at java.io.FileOutputStream.<init>(FileOutputStream.java:221)
	at java.io.FileOutputStream.<init>(FileOutputStream.java:110)
	at org.apache.catalina.session.StandardManager.doUnload(StandardManager.java:489)
	at org.apache.catalina.session.StandardManager.unload(StandardManager.java:463)
	at org.apache.catalina.session.StandardManager.stop(StandardManager.java:667)
	at org.apache.catalina.core.StandardContext.stop(StandardContext.java:4499)
	at org.apache.catalina.core.ContainerBase.removeChild(ContainerBase.java:924)
	at org.apache.catalina.startup.HostConfig.checkResources(HostConfig.java:1035)
	at org.apache.catalina.startup.HostConfig.check(HostConfig.java:1203)
	at org.apache.catalina.startup.HostConfig.lifecycleEvent(HostConfig.java:293)
	at org.apache.catalina.util.LifecycleSupport.fireLifecycleEvent(LifecycleSupport.java:117)
	at org.apache.catalina.core.ContainerBase.backgroundProcess(ContainerBase.java:1337)
	at org.apache.catalina.core.ContainerBase$ContainerBackgroundProcessor.processChildren(ContainerBase.java:1601)
	at org.apache.catalina.core.ContainerBase$ContainerBackgroundProcessor.processChildren(ContainerBase.java:1610)
	at org.apache.catalina.core.ContainerBase$ContainerBackgroundProcessor.run(ContainerBase.java:1590)
	at java.lang.Thread.run(Thread.java:744)

mars 19, 2014 3:20:25 PM org.apache.catalina.session.StandardManager stop
Grave: Exception au déchargement des sessions vers le stockage persistant (persistent storage)
java.io.FileNotFoundException: /home/sarkal/workspace/Theatre/apache-tomcat-6.0.14/work/Catalina/localhost/_/SESSIONS.ser (Aucun fichier ou dossier de ce type)
	at java.io.FileOutputStream.open(Native Method)
	at java.io.FileOutputStream.<init>(FileOutputStream.java:221)
	at java.io.FileOutputStream.<init>(FileOutputStream.java:110)
	at org.apache.catalina.session.StandardManager.doUnload(StandardManager.java:489)
	at org.apache.catalina.session.StandardManager.unload(StandardManager.java:463)
	at org.apache.catalina.session.StandardManager.stop(StandardManager.java:667)
	at org.apache.catalina.core.StandardContext.stop(StandardContext.java:4499)
	at org.apache.catalina.core.ContainerBase.removeChild(ContainerBase.java:924)
	at org.apache.catalina.startup.HostConfig.checkResources(HostConfig.java:1035)
	at org.apache.catalina.startup.HostConfig.check(HostConfig.java:1203)
	at org.apache.catalina.startup.HostConfig.lifecycleEvent(HostConfig.java:293)
	at org.apache.catalina.util.LifecycleSupport.fireLifecycleEvent(LifecycleSupport.java:117)
	at org.apache.catalina.core.ContainerBase.backgroundProcess(ContainerBase.java:1337)
	at org.apache.catalina.core.ContainerBase$ContainerBackgroundProcessor.processChildren(ContainerBase.java:1601)
	at org.apache.catalina.core.ContainerBase$ContainerBackgroundProcessor.processChildren(ContainerBase.java:1610)
	at org.apache.catalina.core.ContainerBase$ContainerBackgroundProcessor.run(ContainerBase.java:1590)
	at java.lang.Thread.run(Thread.java:744)

mars 19, 2014 4:31:17 PM org.apache.coyote.http11.Http11Protocol pause
Infos: Suspension de Coyote HTTP/1.1 sur http-8080
mars 19, 2014 4:31:18 PM org.apache.catalina.core.StandardService stop
Infos: Arrêt du service Catalina
mars 19, 2014 4:31:18 PM org.apache.coyote.http11.Http11Protocol destroy
Infos: Arrêt de Coyote HTTP/1.1 sur http-8080
