mars 12, 2014 3:39:37 PM org.apache.catalina.core.AprLifecycleListener init
Infos: The Apache Tomcat Native library which allows optimal performance in production environments was not found on the java.library.path: /usr/lib32:/usr/java/packages/lib/amd64:/usr/lib/x86_64-linux-gnu/jni:/lib/x86_64-linux-gnu:/usr/lib/x86_64-linux-gnu:/usr/lib/jni:/lib:/usr/lib
mars 12, 2014 3:39:37 PM org.apache.coyote.http11.Http11Protocol init
Infos: Initialisation de Coyote HTTP/1.1 sur http-8080
mars 12, 2014 3:39:37 PM org.apache.catalina.startup.Catalina load
Infos: Initialization processed in 926 ms
mars 12, 2014 3:39:38 PM org.apache.catalina.core.StandardService start
Infos: Démarrage du service Catalina
mars 12, 2014 3:39:38 PM org.apache.catalina.core.StandardEngine start
Infos: Starting Servlet Engine: Apache Tomcat/6.0.14
mars 12, 2014 3:39:38 PM org.apache.coyote.http11.Http11Protocol start
Infos: Démarrage de Coyote HTTP/1.1 sur http-8080
mars 12, 2014 3:39:38 PM org.apache.jk.common.ChannelSocket init
Infos: JK: ajp13 listening on /0.0.0.0:8009
mars 12, 2014 3:39:38 PM org.apache.jk.server.JkMain start
Infos: Jk running ID=0 time=0/55  config=null
mars 12, 2014 3:39:38 PM org.apache.catalina.startup.Catalina start
Infos: Server startup in 861 ms
mars 12, 2014 4:15:17 PM org.apache.coyote.http11.Http11Protocol pause
Infos: Suspension de Coyote HTTP/1.1 sur http-8080
mars 12, 2014 4:15:18 PM org.apache.catalina.core.StandardService stop
Infos: Arrêt du service Catalina
mars 12, 2014 4:15:18 PM org.apache.coyote.http11.Http11Protocol destroy
Infos: Arrêt de Coyote HTTP/1.1 sur http-8080
mars 12, 2014 4:15:37 PM org.apache.catalina.core.AprLifecycleListener init
Infos: The Apache Tomcat Native library which allows optimal performance in production environments was not found on the java.library.path: /usr/lib32:/usr/java/packages/lib/amd64:/usr/lib/x86_64-linux-gnu/jni:/lib/x86_64-linux-gnu:/usr/lib/x86_64-linux-gnu:/usr/lib/jni:/lib:/usr/lib
mars 12, 2014 4:15:37 PM org.apache.coyote.http11.Http11Protocol init
Infos: Initialisation de Coyote HTTP/1.1 sur http-8080
mars 12, 2014 4:15:37 PM org.apache.catalina.startup.Catalina load
Infos: Initialization processed in 423 ms
mars 12, 2014 4:15:37 PM org.apache.catalina.core.StandardService start
Infos: Démarrage du service Catalina
mars 12, 2014 4:15:37 PM org.apache.catalina.core.StandardEngine start
Infos: Starting Servlet Engine: Apache Tomcat/6.0.14
mars 12, 2014 4:15:38 PM org.apache.coyote.http11.Http11Protocol start
Infos: Démarrage de Coyote HTTP/1.1 sur http-8080
mars 12, 2014 4:15:38 PM org.apache.jk.common.ChannelSocket init
Infos: JK: ajp13 listening on /0.0.0.0:8009
mars 12, 2014 4:15:38 PM org.apache.jk.server.JkMain start
Infos: Jk running ID=0 time=1/25  config=null
mars 12, 2014 4:15:38 PM org.apache.catalina.startup.Catalina start
Infos: Server startup in 388 ms
mars 12, 2014 4:18:07 PM org.apache.coyote.http11.Http11Protocol pause
Infos: Suspension de Coyote HTTP/1.1 sur http-8080
mars 12, 2014 4:18:08 PM org.apache.catalina.core.StandardService stop
Infos: Arrêt du service Catalina
mars 12, 2014 4:18:08 PM org.apache.coyote.http11.Http11Protocol destroy
Infos: Arrêt de Coyote HTTP/1.1 sur http-8080
mars 12, 2014 4:18:11 PM org.apache.catalina.core.AprLifecycleListener init
Infos: The Apache Tomcat Native library which allows optimal performance in production environments was not found on the java.library.path: /usr/lib32:/usr/java/packages/lib/amd64:/usr/lib/x86_64-linux-gnu/jni:/lib/x86_64-linux-gnu:/usr/lib/x86_64-linux-gnu:/usr/lib/jni:/lib:/usr/lib
mars 12, 2014 4:18:11 PM org.apache.coyote.http11.Http11Protocol init
Infos: Initialisation de Coyote HTTP/1.1 sur http-8080
mars 12, 2014 4:18:11 PM org.apache.catalina.startup.Catalina load
Infos: Initialization processed in 436 ms
mars 12, 2014 4:18:11 PM org.apache.catalina.core.StandardService start
Infos: Démarrage du service Catalina
mars 12, 2014 4:18:11 PM org.apache.catalina.core.StandardEngine start
Infos: Starting Servlet Engine: Apache Tomcat/6.0.14
mars 12, 2014 4:18:11 PM org.apache.coyote.http11.Http11Protocol start
Infos: Démarrage de Coyote HTTP/1.1 sur http-8080
mars 12, 2014 4:18:11 PM org.apache.jk.common.ChannelSocket init
Infos: JK: ajp13 listening on /0.0.0.0:8009
mars 12, 2014 4:18:11 PM org.apache.jk.server.JkMain start
Infos: Jk running ID=0 time=0/26  config=null
mars 12, 2014 4:18:11 PM org.apache.catalina.startup.Catalina start
Infos: Server startup in 369 ms
mars 12, 2014 4:19:55 PM org.apache.coyote.http11.Http11Protocol pause
Infos: Suspension de Coyote HTTP/1.1 sur http-8080
mars 12, 2014 4:19:56 PM org.apache.catalina.core.StandardService stop
Infos: Arrêt du service Catalina
mars 12, 2014 4:19:56 PM org.apache.coyote.http11.Http11Protocol destroy
Infos: Arrêt de Coyote HTTP/1.1 sur http-8080
mars 12, 2014 4:19:57 PM org.apache.catalina.core.AprLifecycleListener init
Infos: The Apache Tomcat Native library which allows optimal performance in production environments was not found on the java.library.path: /usr/lib32:/usr/java/packages/lib/amd64:/usr/lib/x86_64-linux-gnu/jni:/lib/x86_64-linux-gnu:/usr/lib/x86_64-linux-gnu:/usr/lib/jni:/lib:/usr/lib
mars 12, 2014 4:19:57 PM org.apache.coyote.http11.Http11Protocol init
Infos: Initialisation de Coyote HTTP/1.1 sur http-8080
mars 12, 2014 4:19:57 PM org.apache.catalina.startup.Catalina load
Infos: Initialization processed in 431 ms
mars 12, 2014 4:19:57 PM org.apache.catalina.core.StandardService start
Infos: Démarrage du service Catalina
mars 12, 2014 4:19:57 PM org.apache.catalina.core.StandardEngine start
Infos: Starting Servlet Engine: Apache Tomcat/6.0.14
mars 12, 2014 4:19:58 PM org.apache.coyote.http11.Http11Protocol start
Infos: Démarrage de Coyote HTTP/1.1 sur http-8080
mars 12, 2014 4:19:58 PM org.apache.jk.common.ChannelSocket init
Infos: JK: ajp13 listening on /0.0.0.0:8009
mars 12, 2014 4:19:58 PM org.apache.jk.server.JkMain start
Infos: Jk running ID=0 time=0/19  config=null
mars 12, 2014 4:19:58 PM org.apache.catalina.startup.Catalina start
Infos: Server startup in 394 ms
mars 12, 2014 4:26:27 PM org.apache.coyote.http11.Http11Protocol pause
Infos: Suspension de Coyote HTTP/1.1 sur http-8080
mars 12, 2014 4:26:28 PM org.apache.catalina.core.StandardService stop
Infos: Arrêt du service Catalina
mars 12, 2014 4:26:28 PM org.apache.coyote.http11.Http11Protocol destroy
Infos: Arrêt de Coyote HTTP/1.1 sur http-8080
mars 12, 2014 4:28:11 PM org.apache.catalina.core.AprLifecycleListener init
Infos: The Apache Tomcat Native library which allows optimal performance in production environments was not found on the java.library.path: /usr/lib32:/usr/java/packages/lib/amd64:/usr/lib/x86_64-linux-gnu/jni:/lib/x86_64-linux-gnu:/usr/lib/x86_64-linux-gnu:/usr/lib/jni:/lib:/usr/lib
mars 12, 2014 4:28:11 PM org.apache.coyote.http11.Http11Protocol init
Infos: Initialisation de Coyote HTTP/1.1 sur http-8080
mars 12, 2014 4:28:11 PM org.apache.catalina.startup.Catalina load
Infos: Initialization processed in 423 ms
mars 12, 2014 4:28:11 PM org.apache.catalina.core.StandardService start
Infos: Démarrage du service Catalina
mars 12, 2014 4:28:11 PM org.apache.catalina.core.StandardEngine start
Infos: Starting Servlet Engine: Apache Tomcat/6.0.14
mars 12, 2014 4:28:11 PM org.apache.coyote.http11.Http11Protocol start
Infos: Démarrage de Coyote HTTP/1.1 sur http-8080
mars 12, 2014 4:28:11 PM org.apache.jk.common.ChannelSocket init
Infos: JK: ajp13 listening on /0.0.0.0:8009
mars 12, 2014 4:28:11 PM org.apache.jk.server.JkMain start
Infos: Jk running ID=0 time=0/25  config=null
mars 12, 2014 4:28:11 PM org.apache.catalina.startup.Catalina start
Infos: Server startup in 388 ms
mars 12, 2014 4:30:23 PM org.apache.coyote.http11.Http11Protocol pause
Infos: Suspension de Coyote HTTP/1.1 sur http-8080
mars 12, 2014 4:30:24 PM org.apache.catalina.core.StandardService stop
Infos: Arrêt du service Catalina
mars 12, 2014 4:30:24 PM org.apache.coyote.http11.Http11Protocol destroy
Infos: Arrêt de Coyote HTTP/1.1 sur http-8080
mars 12, 2014 4:31:11 PM org.apache.catalina.core.AprLifecycleListener init
Infos: The Apache Tomcat Native library which allows optimal performance in production environments was not found on the java.library.path: /usr/lib32:/usr/java/packages/lib/amd64:/usr/lib/x86_64-linux-gnu/jni:/lib/x86_64-linux-gnu:/usr/lib/x86_64-linux-gnu:/usr/lib/jni:/lib:/usr/lib
mars 12, 2014 4:31:11 PM org.apache.coyote.http11.Http11Protocol init
Infos: Initialisation de Coyote HTTP/1.1 sur http-8080
mars 12, 2014 4:31:11 PM org.apache.catalina.startup.Catalina load
Infos: Initialization processed in 426 ms
mars 12, 2014 4:31:11 PM org.apache.catalina.core.StandardService start
Infos: Démarrage du service Catalina
mars 12, 2014 4:31:11 PM org.apache.catalina.core.StandardEngine start
Infos: Starting Servlet Engine: Apache Tomcat/6.0.14
mars 12, 2014 4:31:11 PM org.apache.coyote.http11.Http11Protocol start
Infos: Démarrage de Coyote HTTP/1.1 sur http-8080
mars 12, 2014 4:31:11 PM org.apache.jk.common.ChannelSocket init
Infos: JK: ajp13 listening on /0.0.0.0:8009
mars 12, 2014 4:31:11 PM org.apache.jk.server.JkMain start
Infos: Jk running ID=0 time=0/21  config=null
mars 12, 2014 4:31:11 PM org.apache.catalina.startup.Catalina start
Infos: Server startup in 353 ms
mars 12, 2014 4:31:53 PM org.apache.coyote.http11.Http11Protocol pause
Infos: Suspension de Coyote HTTP/1.1 sur http-8080
mars 12, 2014 4:31:54 PM org.apache.catalina.core.StandardService stop
Infos: Arrêt du service Catalina
mars 12, 2014 4:31:54 PM org.apache.coyote.http11.Http11Protocol destroy
Infos: Arrêt de Coyote HTTP/1.1 sur http-8080
mars 12, 2014 4:32:59 PM org.apache.catalina.core.AprLifecycleListener init
Infos: The Apache Tomcat Native library which allows optimal performance in production environments was not found on the java.library.path: /usr/lib32:/usr/java/packages/lib/amd64:/usr/lib/x86_64-linux-gnu/jni:/lib/x86_64-linux-gnu:/usr/lib/x86_64-linux-gnu:/usr/lib/jni:/lib:/usr/lib
mars 12, 2014 4:32:59 PM org.apache.coyote.http11.Http11Protocol init
Infos: Initialisation de Coyote HTTP/1.1 sur http-8080
mars 12, 2014 4:32:59 PM org.apache.catalina.startup.Catalina load
Infos: Initialization processed in 411 ms
mars 12, 2014 4:32:59 PM org.apache.catalina.core.StandardService start
Infos: Démarrage du service Catalina
mars 12, 2014 4:32:59 PM org.apache.catalina.core.StandardEngine start
Infos: Starting Servlet Engine: Apache Tomcat/6.0.14
mars 12, 2014 4:33:00 PM org.apache.coyote.http11.Http11Protocol start
Infos: Démarrage de Coyote HTTP/1.1 sur http-8080
mars 12, 2014 4:33:00 PM org.apache.jk.common.ChannelSocket init
Infos: JK: ajp13 listening on /0.0.0.0:8009
mars 12, 2014 4:33:00 PM org.apache.jk.server.JkMain start
Infos: Jk running ID=0 time=0/21  config=null
mars 12, 2014 4:33:00 PM org.apache.catalina.startup.Catalina start
Infos: Server startup in 373 ms
mars 12, 2014 4:33:12 PM org.apache.catalina.core.AprLifecycleListener init
Infos: The Apache Tomcat Native library which allows optimal performance in production environments was not found on the java.library.path: /usr/lib32:/usr/java/packages/lib/amd64:/usr/lib/x86_64-linux-gnu/jni:/lib/x86_64-linux-gnu:/usr/lib/x86_64-linux-gnu:/usr/lib/jni:/lib:/usr/lib
mars 12, 2014 4:33:12 PM org.apache.coyote.http11.Http11Protocol init
Grave: Erreur à l'initialisation du point de contact
java.net.BindException: Adresse déjà utilisée:8080
	at org.apache.tomcat.util.net.JIoEndpoint.init(JIoEndpoint.java:501)
	at org.apache.coyote.http11.Http11Protocol.init(Http11Protocol.java:177)
	at org.apache.catalina.connector.Connector.initialize(Connector.java:1059)
	at org.apache.catalina.core.StandardService.initialize(StandardService.java:677)
	at org.apache.catalina.core.StandardServer.initialize(StandardServer.java:792)
	at org.apache.catalina.startup.Catalina.load(Catalina.java:518)
	at org.apache.catalina.startup.Catalina.load(Catalina.java:538)
	at sun.reflect.NativeMethodAccessorImpl.invoke0(Native Method)
	at sun.reflect.NativeMethodAccessorImpl.invoke(NativeMethodAccessorImpl.java:57)
	at sun.reflect.DelegatingMethodAccessorImpl.invoke(DelegatingMethodAccessorImpl.java:43)
	at java.lang.reflect.Method.invoke(Method.java:606)
	at org.apache.catalina.startup.Bootstrap.load(Bootstrap.java:260)
	at org.apache.catalina.startup.Bootstrap.main(Bootstrap.java:412)

mars 12, 2014 4:33:12 PM org.apache.catalina.startup.Catalina load
Grave: Catalina.start
LifecycleException:  L'initialisation du gestionnaire de protocole a échoué: java.net.BindException: Adresse déjà utilisée:8080
	at org.apache.catalina.connector.Connector.initialize(Connector.java:1061)
	at org.apache.catalina.core.StandardService.initialize(StandardService.java:677)
	at org.apache.catalina.core.StandardServer.initialize(StandardServer.java:792)
	at org.apache.catalina.startup.Catalina.load(Catalina.java:518)
	at org.apache.catalina.startup.Catalina.load(Catalina.java:538)
	at sun.reflect.NativeMethodAccessorImpl.invoke0(Native Method)
	at sun.reflect.NativeMethodAccessorImpl.invoke(NativeMethodAccessorImpl.java:57)
	at sun.reflect.DelegatingMethodAccessorImpl.invoke(DelegatingMethodAccessorImpl.java:43)
	at java.lang.reflect.Method.invoke(Method.java:606)
	at org.apache.catalina.startup.Bootstrap.load(Bootstrap.java:260)
	at org.apache.catalina.startup.Bootstrap.main(Bootstrap.java:412)

mars 12, 2014 4:33:12 PM org.apache.catalina.startup.Catalina load
Infos: Initialization processed in 424 ms
mars 12, 2014 4:33:12 PM org.apache.catalina.core.StandardService start
Infos: Démarrage du service Catalina
mars 12, 2014 4:33:12 PM org.apache.catalina.core.StandardEngine start
Infos: Starting Servlet Engine: Apache Tomcat/6.0.14
mars 12, 2014 4:33:12 PM org.apache.coyote.http11.Http11Protocol start
Grave: Erreur au démarrage du point de contact
java.net.BindException: Adresse déjà utilisée:8080
	at org.apache.tomcat.util.net.JIoEndpoint.init(JIoEndpoint.java:501)
	at org.apache.tomcat.util.net.JIoEndpoint.start(JIoEndpoint.java:515)
	at org.apache.coyote.http11.Http11Protocol.start(Http11Protocol.java:204)
	at org.apache.catalina.connector.Connector.start(Connector.java:1132)
	at org.apache.catalina.core.StandardService.start(StandardService.java:531)
	at org.apache.catalina.core.StandardServer.start(StandardServer.java:710)
	at org.apache.catalina.startup.Catalina.start(Catalina.java:566)
	at sun.reflect.NativeMethodAccessorImpl.invoke0(Native Method)
	at sun.reflect.NativeMethodAccessorImpl.invoke(NativeMethodAccessorImpl.java:57)
	at sun.reflect.DelegatingMethodAccessorImpl.invoke(DelegatingMethodAccessorImpl.java:43)
	at java.lang.reflect.Method.invoke(Method.java:606)
	at org.apache.catalina.startup.Bootstrap.start(Bootstrap.java:288)
	at org.apache.catalina.startup.Bootstrap.main(Bootstrap.java:413)

mars 12, 2014 4:33:12 PM org.apache.catalina.startup.Catalina start
Grave: Catalina.start: 
LifecycleException:  service.getName(): "Catalina";  Le démarrage du gestionnaire de protocole a échoué: java.net.BindException: Adresse déjà utilisée:8080
	at org.apache.catalina.connector.Connector.start(Connector.java:1139)
	at org.apache.catalina.core.StandardService.start(StandardService.java:531)
	at org.apache.catalina.core.StandardServer.start(StandardServer.java:710)
	at org.apache.catalina.startup.Catalina.start(Catalina.java:566)
	at sun.reflect.NativeMethodAccessorImpl.invoke0(Native Method)
	at sun.reflect.NativeMethodAccessorImpl.invoke(NativeMethodAccessorImpl.java:57)
	at sun.reflect.DelegatingMethodAccessorImpl.invoke(DelegatingMethodAccessorImpl.java:43)
	at java.lang.reflect.Method.invoke(Method.java:606)
	at org.apache.catalina.startup.Bootstrap.start(Bootstrap.java:288)
	at org.apache.catalina.startup.Bootstrap.main(Bootstrap.java:413)

mars 12, 2014 4:33:12 PM org.apache.catalina.startup.Catalina start
Infos: Server startup in 299 ms
mars 12, 2014 4:33:12 PM org.apache.catalina.core.StandardServer await
Grave: StandardServer.await: create[8005]: 
java.net.BindException: Adresse déjà utilisée
	at java.net.PlainSocketImpl.socketBind(Native Method)
	at java.net.AbstractPlainSocketImpl.bind(AbstractPlainSocketImpl.java:376)
	at java.net.ServerSocket.bind(ServerSocket.java:376)
	at java.net.ServerSocket.<init>(ServerSocket.java:237)
	at org.apache.catalina.core.StandardServer.await(StandardServer.java:373)
	at org.apache.catalina.startup.Catalina.await(Catalina.java:630)
	at org.apache.catalina.startup.Catalina.start(Catalina.java:590)
	at sun.reflect.NativeMethodAccessorImpl.invoke0(Native Method)
	at sun.reflect.NativeMethodAccessorImpl.invoke(NativeMethodAccessorImpl.java:57)
	at sun.reflect.DelegatingMethodAccessorImpl.invoke(DelegatingMethodAccessorImpl.java:43)
	at java.lang.reflect.Method.invoke(Method.java:606)
	at org.apache.catalina.startup.Bootstrap.start(Bootstrap.java:288)
	at org.apache.catalina.startup.Bootstrap.main(Bootstrap.java:413)

mars 12, 2014 4:33:12 PM org.apache.coyote.http11.Http11Protocol pause
Infos: Suspension de Coyote HTTP/1.1 sur http-8080
mars 12, 2014 4:33:12 PM org.apache.catalina.connector.Connector pause
Grave: La suspension du gestionnaire de protocole a échouée
java.lang.NullPointerException
	at org.apache.jk.server.JkMain.pause(JkMain.java:679)
	at org.apache.jk.server.JkCoyoteHandler.pause(JkCoyoteHandler.java:153)
	at org.apache.catalina.connector.Connector.pause(Connector.java:1074)
	at org.apache.catalina.core.StandardService.stop(StandardService.java:563)
	at org.apache.catalina.core.StandardServer.stop(StandardServer.java:744)
	at org.apache.catalina.startup.Catalina.stop(Catalina.java:616)
	at org.apache.catalina.startup.Catalina$CatalinaShutdownHook.run(Catalina.java:659)

mars 12, 2014 4:33:13 PM org.apache.catalina.core.StandardService stop
Infos: Arrêt du service Catalina
mars 12, 2014 4:33:13 PM org.apache.catalina.connector.MapperListener destroy
Avertissement: Error unregistering MBeanServerDelegate
java.lang.NullPointerException
	at org.apache.catalina.connector.MapperListener.destroy(MapperListener.java:162)
	at org.apache.catalina.connector.Connector.stop(Connector.java:1180)
	at org.apache.catalina.core.StandardService.stop(StandardService.java:593)
	at org.apache.catalina.core.StandardServer.stop(StandardServer.java:744)
	at org.apache.catalina.startup.Catalina.stop(Catalina.java:616)
	at org.apache.catalina.startup.Catalina$CatalinaShutdownHook.run(Catalina.java:659)

mars 12, 2014 4:33:13 PM org.apache.coyote.http11.Http11Protocol destroy
Infos: Arrêt de Coyote HTTP/1.1 sur http-8080
mars 12, 2014 4:33:13 PM org.apache.catalina.connector.Connector stop
Grave: Le connecteur Coyote n'a pas été démarré
mars 12, 2014 4:33:21 PM org.apache.catalina.core.AprLifecycleListener init
Infos: The Apache Tomcat Native library which allows optimal performance in production environments was not found on the java.library.path: /usr/lib32:/usr/java/packages/lib/amd64:/usr/lib/x86_64-linux-gnu/jni:/lib/x86_64-linux-gnu:/usr/lib/x86_64-linux-gnu:/usr/lib/jni:/lib:/usr/lib
mars 12, 2014 4:33:21 PM org.apache.coyote.http11.Http11Protocol init
Grave: Erreur à l'initialisation du point de contact
java.net.BindException: Adresse déjà utilisée:8080
	at org.apache.tomcat.util.net.JIoEndpoint.init(JIoEndpoint.java:501)
	at org.apache.coyote.http11.Http11Protocol.init(Http11Protocol.java:177)
	at org.apache.catalina.connector.Connector.initialize(Connector.java:1059)
	at org.apache.catalina.core.StandardService.initialize(StandardService.java:677)
	at org.apache.catalina.core.StandardServer.initialize(StandardServer.java:792)
	at org.apache.catalina.startup.Catalina.load(Catalina.java:518)
	at org.apache.catalina.startup.Catalina.load(Catalina.java:538)
	at sun.reflect.NativeMethodAccessorImpl.invoke0(Native Method)
	at sun.reflect.NativeMethodAccessorImpl.invoke(NativeMethodAccessorImpl.java:57)
	at sun.reflect.DelegatingMethodAccessorImpl.invoke(DelegatingMethodAccessorImpl.java:43)
	at java.lang.reflect.Method.invoke(Method.java:606)
	at org.apache.catalina.startup.Bootstrap.load(Bootstrap.java:260)
	at org.apache.catalina.startup.Bootstrap.main(Bootstrap.java:412)

mars 12, 2014 4:33:21 PM org.apache.catalina.startup.Catalina load
Grave: Catalina.start
LifecycleException:  L'initialisation du gestionnaire de protocole a échoué: java.net.BindException: Adresse déjà utilisée:8080
	at org.apache.catalina.connector.Connector.initialize(Connector.java:1061)
	at org.apache.catalina.core.StandardService.initialize(StandardService.java:677)
	at org.apache.catalina.core.StandardServer.initialize(StandardServer.java:792)
	at org.apache.catalina.startup.Catalina.load(Catalina.java:518)
	at org.apache.catalina.startup.Catalina.load(Catalina.java:538)
	at sun.reflect.NativeMethodAccessorImpl.invoke0(Native Method)
	at sun.reflect.NativeMethodAccessorImpl.invoke(NativeMethodAccessorImpl.java:57)
	at sun.reflect.DelegatingMethodAccessorImpl.invoke(DelegatingMethodAccessorImpl.java:43)
	at java.lang.reflect.Method.invoke(Method.java:606)
	at org.apache.catalina.startup.Bootstrap.load(Bootstrap.java:260)
	at org.apache.catalina.startup.Bootstrap.main(Bootstrap.java:412)

mars 12, 2014 4:33:21 PM org.apache.catalina.startup.Catalina load
Infos: Initialization processed in 420 ms
mars 12, 2014 4:33:21 PM org.apache.catalina.core.StandardService start
Infos: Démarrage du service Catalina
mars 12, 2014 4:33:21 PM org.apache.catalina.core.StandardEngine start
Infos: Starting Servlet Engine: Apache Tomcat/6.0.14
mars 12, 2014 4:33:21 PM org.apache.coyote.http11.Http11Protocol start
Grave: Erreur au démarrage du point de contact
java.net.BindException: Adresse déjà utilisée:8080
	at org.apache.tomcat.util.net.JIoEndpoint.init(JIoEndpoint.java:501)
	at org.apache.tomcat.util.net.JIoEndpoint.start(JIoEndpoint.java:515)
	at org.apache.coyote.http11.Http11Protocol.start(Http11Protocol.java:204)
	at org.apache.catalina.connector.Connector.start(Connector.java:1132)
	at org.apache.catalina.core.StandardService.start(StandardService.java:531)
	at org.apache.catalina.core.StandardServer.start(StandardServer.java:710)
	at org.apache.catalina.startup.Catalina.start(Catalina.java:566)
	at sun.reflect.NativeMethodAccessorImpl.invoke0(Native Method)
	at sun.reflect.NativeMethodAccessorImpl.invoke(NativeMethodAccessorImpl.java:57)
	at sun.reflect.DelegatingMethodAccessorImpl.invoke(DelegatingMethodAccessorImpl.java:43)
	at java.lang.reflect.Method.invoke(Method.java:606)
	at org.apache.catalina.startup.Bootstrap.start(Bootstrap.java:288)
	at org.apache.catalina.startup.Bootstrap.main(Bootstrap.java:413)

mars 12, 2014 4:33:21 PM org.apache.catalina.startup.Catalina start
Grave: Catalina.start: 
LifecycleException:  service.getName(): "Catalina";  Le démarrage du gestionnaire de protocole a échoué: java.net.BindException: Adresse déjà utilisée:8080
	at org.apache.catalina.connector.Connector.start(Connector.java:1139)
	at org.apache.catalina.core.StandardService.start(StandardService.java:531)
	at org.apache.catalina.core.StandardServer.start(StandardServer.java:710)
	at org.apache.catalina.startup.Catalina.start(Catalina.java:566)
	at sun.reflect.NativeMethodAccessorImpl.invoke0(Native Method)
	at sun.reflect.NativeMethodAccessorImpl.invoke(NativeMethodAccessorImpl.java:57)
	at sun.reflect.DelegatingMethodAccessorImpl.invoke(DelegatingMethodAccessorImpl.java:43)
	at java.lang.reflect.Method.invoke(Method.java:606)
	at org.apache.catalina.startup.Bootstrap.start(Bootstrap.java:288)
	at org.apache.catalina.startup.Bootstrap.main(Bootstrap.java:413)

mars 12, 2014 4:33:21 PM org.apache.catalina.startup.Catalina start
Infos: Server startup in 311 ms
mars 12, 2014 4:33:21 PM org.apache.catalina.core.StandardServer await
Grave: StandardServer.await: create[8005]: 
java.net.BindException: Adresse déjà utilisée
	at java.net.PlainSocketImpl.socketBind(Native Method)
	at java.net.AbstractPlainSocketImpl.bind(AbstractPlainSocketImpl.java:376)
	at java.net.ServerSocket.bind(ServerSocket.java:376)
	at java.net.ServerSocket.<init>(ServerSocket.java:237)
	at org.apache.catalina.core.StandardServer.await(StandardServer.java:373)
	at org.apache.catalina.startup.Catalina.await(Catalina.java:630)
	at org.apache.catalina.startup.Catalina.start(Catalina.java:590)
	at sun.reflect.NativeMethodAccessorImpl.invoke0(Native Method)
	at sun.reflect.NativeMethodAccessorImpl.invoke(NativeMethodAccessorImpl.java:57)
	at sun.reflect.DelegatingMethodAccessorImpl.invoke(DelegatingMethodAccessorImpl.java:43)
	at java.lang.reflect.Method.invoke(Method.java:606)
	at org.apache.catalina.startup.Bootstrap.start(Bootstrap.java:288)
	at org.apache.catalina.startup.Bootstrap.main(Bootstrap.java:413)

mars 12, 2014 4:33:21 PM org.apache.coyote.http11.Http11Protocol pause
Infos: Suspension de Coyote HTTP/1.1 sur http-8080
mars 12, 2014 4:33:21 PM org.apache.catalina.connector.Connector pause
Grave: La suspension du gestionnaire de protocole a échouée
java.lang.NullPointerException
	at org.apache.jk.server.JkMain.pause(JkMain.java:679)
	at org.apache.jk.server.JkCoyoteHandler.pause(JkCoyoteHandler.java:153)
	at org.apache.catalina.connector.Connector.pause(Connector.java:1074)
	at org.apache.catalina.core.StandardService.stop(StandardService.java:563)
	at org.apache.catalina.core.StandardServer.stop(StandardServer.java:744)
	at org.apache.catalina.startup.Catalina.stop(Catalina.java:616)
	at org.apache.catalina.startup.Catalina$CatalinaShutdownHook.run(Catalina.java:659)

mars 12, 2014 4:33:22 PM org.apache.catalina.core.StandardService stop
Infos: Arrêt du service Catalina
mars 12, 2014 4:33:22 PM org.apache.catalina.connector.MapperListener destroy
Avertissement: Error unregistering MBeanServerDelegate
java.lang.NullPointerException
	at org.apache.catalina.connector.MapperListener.destroy(MapperListener.java:162)
	at org.apache.catalina.connector.Connector.stop(Connector.java:1180)
	at org.apache.catalina.core.StandardService.stop(StandardService.java:593)
	at org.apache.catalina.core.StandardServer.stop(StandardServer.java:744)
	at org.apache.catalina.startup.Catalina.stop(Catalina.java:616)
	at org.apache.catalina.startup.Catalina$CatalinaShutdownHook.run(Catalina.java:659)

mars 12, 2014 4:33:22 PM org.apache.coyote.http11.Http11Protocol destroy
Infos: Arrêt de Coyote HTTP/1.1 sur http-8080
mars 12, 2014 4:33:22 PM org.apache.catalina.connector.Connector stop
Grave: Le connecteur Coyote n'a pas été démarré
mars 12, 2014 4:33:33 PM org.apache.coyote.http11.Http11Protocol pause
Infos: Suspension de Coyote HTTP/1.1 sur http-8080
mars 12, 2014 4:33:34 PM org.apache.catalina.core.StandardService stop
Infos: Arrêt du service Catalina
mars 12, 2014 4:33:34 PM org.apache.coyote.http11.Http11Protocol destroy
Infos: Arrêt de Coyote HTTP/1.1 sur http-8080
mars 12, 2014 4:33:43 PM org.apache.catalina.core.AprLifecycleListener init
Infos: The Apache Tomcat Native library which allows optimal performance in production environments was not found on the java.library.path: /usr/lib32:/usr/java/packages/lib/amd64:/usr/lib/x86_64-linux-gnu/jni:/lib/x86_64-linux-gnu:/usr/lib/x86_64-linux-gnu:/usr/lib/jni:/lib:/usr/lib
mars 12, 2014 4:33:43 PM org.apache.coyote.http11.Http11Protocol init
Infos: Initialisation de Coyote HTTP/1.1 sur http-8080
mars 12, 2014 4:33:43 PM org.apache.catalina.startup.Catalina load
Infos: Initialization processed in 502 ms
mars 12, 2014 4:33:43 PM org.apache.catalina.core.StandardService start
Infos: Démarrage du service Catalina
mars 12, 2014 4:33:43 PM org.apache.catalina.core.StandardEngine start
Infos: Starting Servlet Engine: Apache Tomcat/6.0.14
mars 12, 2014 4:33:43 PM org.apache.coyote.http11.Http11Protocol start
Infos: Démarrage de Coyote HTTP/1.1 sur http-8080
mars 12, 2014 4:33:43 PM org.apache.jk.common.ChannelSocket init
Infos: JK: ajp13 listening on /0.0.0.0:8009
mars 12, 2014 4:33:43 PM org.apache.jk.server.JkMain start
Infos: Jk running ID=0 time=0/26  config=null
mars 12, 2014 4:33:43 PM org.apache.catalina.startup.Catalina start
Infos: Server startup in 411 ms
mars 12, 2014 4:41:13 PM org.apache.catalina.startup.HostConfig checkResources
Infos: Reloading context []
mars 12, 2014 4:41:16 PM org.apache.coyote.http11.Http11Protocol pause
Infos: Suspension de Coyote HTTP/1.1 sur http-8080
mars 12, 2014 4:41:17 PM org.apache.catalina.core.StandardService stop
Infos: Arrêt du service Catalina
mars 12, 2014 4:41:17 PM org.apache.coyote.http11.Http11Protocol destroy
Infos: Arrêt de Coyote HTTP/1.1 sur http-8080
mars 12, 2014 4:41:42 PM org.apache.catalina.core.AprLifecycleListener init
Infos: The Apache Tomcat Native library which allows optimal performance in production environments was not found on the java.library.path: /usr/lib32:/usr/java/packages/lib/amd64:/usr/lib/x86_64-linux-gnu/jni:/lib/x86_64-linux-gnu:/usr/lib/x86_64-linux-gnu:/usr/lib/jni:/lib:/usr/lib
mars 12, 2014 4:41:42 PM org.apache.coyote.http11.Http11Protocol init
Infos: Initialisation de Coyote HTTP/1.1 sur http-8080
mars 12, 2014 4:41:42 PM org.apache.catalina.startup.Catalina load
Infos: Initialization processed in 450 ms
mars 12, 2014 4:41:42 PM org.apache.catalina.core.StandardService start
Infos: Démarrage du service Catalina
mars 12, 2014 4:41:42 PM org.apache.catalina.core.StandardEngine start
Infos: Starting Servlet Engine: Apache Tomcat/6.0.14
mars 12, 2014 4:41:42 PM org.apache.coyote.http11.Http11Protocol start
Infos: Démarrage de Coyote HTTP/1.1 sur http-8080
mars 12, 2014 4:41:42 PM org.apache.jk.common.ChannelSocket init
Infos: JK: ajp13 listening on /0.0.0.0:8009
mars 12, 2014 4:41:43 PM org.apache.jk.server.JkMain start
Infos: Jk running ID=0 time=0/23  config=null
mars 12, 2014 4:41:43 PM org.apache.catalina.startup.Catalina start
Infos: Server startup in 388 ms
mars 12, 2014 4:45:15 PM org.apache.coyote.http11.Http11Protocol pause
Infos: Suspension de Coyote HTTP/1.1 sur http-8080
mars 12, 2014 4:45:16 PM org.apache.catalina.core.StandardService stop
Infos: Arrêt du service Catalina
mars 12, 2014 4:45:16 PM org.apache.coyote.http11.Http11Protocol destroy
Infos: Arrêt de Coyote HTTP/1.1 sur http-8080
mars 12, 2014 4:45:17 PM org.apache.catalina.core.AprLifecycleListener init
Infos: The Apache Tomcat Native library which allows optimal performance in production environments was not found on the java.library.path: /usr/lib32:/usr/java/packages/lib/amd64:/usr/lib/x86_64-linux-gnu/jni:/lib/x86_64-linux-gnu:/usr/lib/x86_64-linux-gnu:/usr/lib/jni:/lib:/usr/lib
mars 12, 2014 4:45:17 PM org.apache.coyote.http11.Http11Protocol init
Infos: Initialisation de Coyote HTTP/1.1 sur http-8080
mars 12, 2014 4:45:17 PM org.apache.catalina.startup.Catalina load
Infos: Initialization processed in 423 ms
mars 12, 2014 4:45:17 PM org.apache.catalina.core.StandardService start
Infos: Démarrage du service Catalina
mars 12, 2014 4:45:17 PM org.apache.catalina.core.StandardEngine start
Infos: Starting Servlet Engine: Apache Tomcat/6.0.14
mars 12, 2014 4:45:18 PM org.apache.coyote.http11.Http11Protocol start
Infos: Démarrage de Coyote HTTP/1.1 sur http-8080
mars 12, 2014 4:45:18 PM org.apache.jk.common.ChannelSocket init
Infos: JK: ajp13 listening on /0.0.0.0:8009
mars 12, 2014 4:45:18 PM org.apache.jk.server.JkMain start
Infos: Jk running ID=0 time=0/25  config=null
mars 12, 2014 4:45:18 PM org.apache.catalina.startup.Catalina start
Infos: Server startup in 373 ms
mars 12, 2014 4:47:10 PM org.apache.coyote.http11.Http11Protocol pause
Infos: Suspension de Coyote HTTP/1.1 sur http-8080
mars 12, 2014 4:47:11 PM org.apache.catalina.core.StandardService stop
Infos: Arrêt du service Catalina
mars 12, 2014 4:47:11 PM org.apache.coyote.http11.Http11Protocol destroy
Infos: Arrêt de Coyote HTTP/1.1 sur http-8080
mars 12, 2014 4:47:16 PM org.apache.catalina.core.AprLifecycleListener init
Infos: The Apache Tomcat Native library which allows optimal performance in production environments was not found on the java.library.path: /usr/lib32:/usr/java/packages/lib/amd64:/usr/lib/x86_64-linux-gnu/jni:/lib/x86_64-linux-gnu:/usr/lib/x86_64-linux-gnu:/usr/lib/jni:/lib:/usr/lib
mars 12, 2014 4:47:16 PM org.apache.coyote.http11.Http11Protocol init
Infos: Initialisation de Coyote HTTP/1.1 sur http-8080
mars 12, 2014 4:47:16 PM org.apache.catalina.startup.Catalina load
Infos: Initialization processed in 428 ms
mars 12, 2014 4:47:16 PM org.apache.catalina.core.StandardService start
Infos: Démarrage du service Catalina
mars 12, 2014 4:47:16 PM org.apache.catalina.core.StandardEngine start
Infos: Starting Servlet Engine: Apache Tomcat/6.0.14
mars 12, 2014 4:47:16 PM org.apache.coyote.http11.Http11Protocol start
Infos: Démarrage de Coyote HTTP/1.1 sur http-8080
mars 12, 2014 4:47:17 PM org.apache.jk.common.ChannelSocket init
Infos: JK: ajp13 listening on /0.0.0.0:8009
mars 12, 2014 4:47:17 PM org.apache.jk.server.JkMain start
Infos: Jk running ID=0 time=0/23  config=null
mars 12, 2014 4:47:17 PM org.apache.catalina.startup.Catalina start
Infos: Server startup in 394 ms
mars 12, 2014 4:48:11 PM org.apache.coyote.http11.Http11Protocol pause
Infos: Suspension de Coyote HTTP/1.1 sur http-8080
mars 12, 2014 4:48:12 PM org.apache.catalina.core.StandardService stop
Infos: Arrêt du service Catalina
mars 12, 2014 4:48:12 PM org.apache.coyote.http11.Http11Protocol destroy
Infos: Arrêt de Coyote HTTP/1.1 sur http-8080
mars 12, 2014 4:48:42 PM org.apache.catalina.core.AprLifecycleListener init
Infos: The Apache Tomcat Native library which allows optimal performance in production environments was not found on the java.library.path: /usr/lib32:/usr/java/packages/lib/amd64:/usr/lib/x86_64-linux-gnu/jni:/lib/x86_64-linux-gnu:/usr/lib/x86_64-linux-gnu:/usr/lib/jni:/lib:/usr/lib
mars 12, 2014 4:48:42 PM org.apache.coyote.http11.Http11Protocol init
Infos: Initialisation de Coyote HTTP/1.1 sur http-8080
mars 12, 2014 4:48:42 PM org.apache.catalina.startup.Catalina load
Infos: Initialization processed in 424 ms
mars 12, 2014 4:48:42 PM org.apache.catalina.core.StandardService start
Infos: Démarrage du service Catalina
mars 12, 2014 4:48:42 PM org.apache.catalina.core.StandardEngine start
Infos: Starting Servlet Engine: Apache Tomcat/6.0.14
mars 12, 2014 4:48:43 PM org.apache.coyote.http11.Http11Protocol start
Infos: Démarrage de Coyote HTTP/1.1 sur http-8080
mars 12, 2014 4:48:43 PM org.apache.jk.common.ChannelSocket init
Infos: JK: ajp13 listening on /0.0.0.0:8009
mars 12, 2014 4:48:43 PM org.apache.jk.server.JkMain start
Infos: Jk running ID=0 time=0/25  config=null
mars 12, 2014 4:48:43 PM org.apache.catalina.startup.Catalina start
Infos: Server startup in 385 ms
mars 12, 2014 4:49:56 PM org.apache.coyote.http11.Http11Protocol pause
Infos: Suspension de Coyote HTTP/1.1 sur http-8080
mars 12, 2014 4:49:57 PM org.apache.catalina.core.StandardService stop
Infos: Arrêt du service Catalina
mars 12, 2014 4:49:57 PM org.apache.coyote.http11.Http11Protocol destroy
Infos: Arrêt de Coyote HTTP/1.1 sur http-8080
mars 12, 2014 4:50:00 PM org.apache.catalina.core.AprLifecycleListener init
Infos: The Apache Tomcat Native library which allows optimal performance in production environments was not found on the java.library.path: /usr/lib32:/usr/java/packages/lib/amd64:/usr/lib/x86_64-linux-gnu/jni:/lib/x86_64-linux-gnu:/usr/lib/x86_64-linux-gnu:/usr/lib/jni:/lib:/usr/lib
mars 12, 2014 4:50:00 PM org.apache.coyote.http11.Http11Protocol init
Infos: Initialisation de Coyote HTTP/1.1 sur http-8080
mars 12, 2014 4:50:00 PM org.apache.catalina.startup.Catalina load
Infos: Initialization processed in 420 ms
mars 12, 2014 4:50:00 PM org.apache.catalina.core.StandardService start
Infos: Démarrage du service Catalina
mars 12, 2014 4:50:00 PM org.apache.catalina.core.StandardEngine start
Infos: Starting Servlet Engine: Apache Tomcat/6.0.14
mars 12, 2014 4:50:00 PM org.apache.coyote.http11.Http11Protocol start
Infos: Démarrage de Coyote HTTP/1.1 sur http-8080
mars 12, 2014 4:50:01 PM org.apache.jk.common.ChannelSocket init
Infos: JK: ajp13 listening on /0.0.0.0:8009
mars 12, 2014 4:50:01 PM org.apache.jk.server.JkMain start
Infos: Jk running ID=0 time=0/19  config=null
mars 12, 2014 4:50:01 PM org.apache.catalina.startup.Catalina start
Infos: Server startup in 344 ms
mars 12, 2014 5:01:12 PM org.apache.coyote.http11.Http11Protocol pause
Infos: Suspension de Coyote HTTP/1.1 sur http-8080
mars 12, 2014 5:01:13 PM org.apache.catalina.core.StandardService stop
Infos: Arrêt du service Catalina
mars 12, 2014 5:01:13 PM org.apache.coyote.http11.Http11Protocol destroy
Infos: Arrêt de Coyote HTTP/1.1 sur http-8080
mars 12, 2014 5:09:44 PM org.apache.catalina.core.AprLifecycleListener init
Infos: The Apache Tomcat Native library which allows optimal performance in production environments was not found on the java.library.path: /usr/lib32:/usr/java/packages/lib/amd64:/usr/lib/x86_64-linux-gnu/jni:/lib/x86_64-linux-gnu:/usr/lib/x86_64-linux-gnu:/usr/lib/jni:/lib:/usr/lib
mars 12, 2014 5:09:44 PM org.apache.coyote.http11.Http11Protocol init
Infos: Initialisation de Coyote HTTP/1.1 sur http-8080
mars 12, 2014 5:09:44 PM org.apache.catalina.startup.Catalina load
Infos: Initialization processed in 435 ms
mars 12, 2014 5:09:44 PM org.apache.catalina.core.StandardService start
Infos: Démarrage du service Catalina
mars 12, 2014 5:09:44 PM org.apache.catalina.core.StandardEngine start
Infos: Starting Servlet Engine: Apache Tomcat/6.0.14
mars 12, 2014 5:09:44 PM org.apache.coyote.http11.Http11Protocol start
Infos: Démarrage de Coyote HTTP/1.1 sur http-8080
mars 12, 2014 5:09:44 PM org.apache.jk.common.ChannelSocket init
Infos: JK: ajp13 listening on /0.0.0.0:8009
mars 12, 2014 5:09:44 PM org.apache.jk.server.JkMain start
Infos: Jk running ID=0 time=0/19  config=null
mars 12, 2014 5:09:44 PM org.apache.catalina.startup.Catalina start
Infos: Server startup in 381 ms
mars 12, 2014 5:11:29 PM org.apache.coyote.http11.Http11Protocol pause
Infos: Suspension de Coyote HTTP/1.1 sur http-8080
mars 12, 2014 5:11:30 PM org.apache.catalina.core.StandardService stop
Infos: Arrêt du service Catalina
mars 12, 2014 5:11:30 PM org.apache.coyote.http11.Http11Protocol destroy
Infos: Arrêt de Coyote HTTP/1.1 sur http-8080
mars 12, 2014 5:12:04 PM org.apache.catalina.core.AprLifecycleListener init
Infos: The Apache Tomcat Native library which allows optimal performance in production environments was not found on the java.library.path: /usr/lib32:/usr/java/packages/lib/amd64:/usr/lib/x86_64-linux-gnu/jni:/lib/x86_64-linux-gnu:/usr/lib/x86_64-linux-gnu:/usr/lib/jni:/lib:/usr/lib
mars 12, 2014 5:12:04 PM org.apache.coyote.http11.Http11Protocol init
Infos: Initialisation de Coyote HTTP/1.1 sur http-8080
mars 12, 2014 5:12:04 PM org.apache.catalina.startup.Catalina load
Infos: Initialization processed in 430 ms
mars 12, 2014 5:12:04 PM org.apache.catalina.core.StandardService start
Infos: Démarrage du service Catalina
mars 12, 2014 5:12:04 PM org.apache.catalina.core.StandardEngine start
Infos: Starting Servlet Engine: Apache Tomcat/6.0.14
mars 12, 2014 5:12:04 PM org.apache.coyote.http11.Http11Protocol start
Infos: Démarrage de Coyote HTTP/1.1 sur http-8080
mars 12, 2014 5:12:05 PM org.apache.jk.common.ChannelSocket init
Infos: JK: ajp13 listening on /0.0.0.0:8009
mars 12, 2014 5:12:05 PM org.apache.jk.server.JkMain start
Infos: Jk running ID=0 time=0/19  config=null
mars 12, 2014 5:12:05 PM org.apache.catalina.startup.Catalina start
Infos: Server startup in 342 ms
mars 12, 2014 5:12:41 PM org.apache.coyote.http11.Http11Protocol pause
Infos: Suspension de Coyote HTTP/1.1 sur http-8080
mars 12, 2014 5:12:42 PM org.apache.catalina.core.StandardService stop
Infos: Arrêt du service Catalina
mars 12, 2014 5:12:42 PM org.apache.coyote.http11.Http11Protocol destroy
Infos: Arrêt de Coyote HTTP/1.1 sur http-8080
mars 12, 2014 5:12:45 PM org.apache.catalina.core.AprLifecycleListener init
Infos: The Apache Tomcat Native library which allows optimal performance in production environments was not found on the java.library.path: /usr/lib32:/usr/java/packages/lib/amd64:/usr/lib/x86_64-linux-gnu/jni:/lib/x86_64-linux-gnu:/usr/lib/x86_64-linux-gnu:/usr/lib/jni:/lib:/usr/lib
mars 12, 2014 5:12:45 PM org.apache.coyote.http11.Http11Protocol init
Infos: Initialisation de Coyote HTTP/1.1 sur http-8080
mars 12, 2014 5:12:45 PM org.apache.catalina.startup.Catalina load
Infos: Initialization processed in 441 ms
mars 12, 2014 5:12:45 PM org.apache.catalina.core.StandardService start
Infos: Démarrage du service Catalina
mars 12, 2014 5:12:45 PM org.apache.catalina.core.StandardEngine start
Infos: Starting Servlet Engine: Apache Tomcat/6.0.14
mars 12, 2014 5:12:45 PM org.apache.coyote.http11.Http11Protocol start
Infos: Démarrage de Coyote HTTP/1.1 sur http-8080
mars 12, 2014 5:12:45 PM org.apache.jk.common.ChannelSocket init
Infos: JK: ajp13 listening on /0.0.0.0:8009
mars 12, 2014 5:12:45 PM org.apache.jk.server.JkMain start
Infos: Jk running ID=0 time=0/22  config=null
mars 12, 2014 5:12:45 PM org.apache.catalina.startup.Catalina start
Infos: Server startup in 354 ms
mars 12, 2014 5:13:42 PM org.apache.coyote.http11.Http11Protocol pause
Infos: Suspension de Coyote HTTP/1.1 sur http-8080
mars 12, 2014 5:13:43 PM org.apache.catalina.core.StandardService stop
Infos: Arrêt du service Catalina
mars 12, 2014 5:13:43 PM org.apache.coyote.http11.Http11Protocol destroy
Infos: Arrêt de Coyote HTTP/1.1 sur http-8080
mars 12, 2014 5:22:46 PM org.apache.catalina.core.AprLifecycleListener init
Infos: The Apache Tomcat Native library which allows optimal performance in production environments was not found on the java.library.path: /usr/lib32:/usr/java/packages/lib/amd64:/usr/lib/x86_64-linux-gnu/jni:/lib/x86_64-linux-gnu:/usr/lib/x86_64-linux-gnu:/usr/lib/jni:/lib:/usr/lib
mars 12, 2014 5:22:46 PM org.apache.coyote.http11.Http11Protocol init
Infos: Initialisation de Coyote HTTP/1.1 sur http-8080
mars 12, 2014 5:22:46 PM org.apache.catalina.startup.Catalina load
Infos: Initialization processed in 436 ms
mars 12, 2014 5:22:46 PM org.apache.catalina.core.StandardService start
Infos: Démarrage du service Catalina
mars 12, 2014 5:22:46 PM org.apache.catalina.core.StandardEngine start
Infos: Starting Servlet Engine: Apache Tomcat/6.0.14
mars 12, 2014 5:22:46 PM org.apache.coyote.http11.Http11Protocol start
Infos: Démarrage de Coyote HTTP/1.1 sur http-8080
mars 12, 2014 5:22:46 PM org.apache.jk.common.ChannelSocket init
Infos: JK: ajp13 listening on /0.0.0.0:8009
mars 12, 2014 5:22:46 PM org.apache.jk.server.JkMain start
Infos: Jk running ID=0 time=0/24  config=null
mars 12, 2014 5:22:46 PM org.apache.catalina.startup.Catalina start
Infos: Server startup in 405 ms
mars 12, 2014 5:24:33 PM org.apache.coyote.http11.Http11Protocol pause
Infos: Suspension de Coyote HTTP/1.1 sur http-8080
mars 12, 2014 5:24:34 PM org.apache.catalina.core.StandardService stop
Infos: Arrêt du service Catalina
mars 12, 2014 5:24:34 PM org.apache.coyote.http11.Http11Protocol destroy
Infos: Arrêt de Coyote HTTP/1.1 sur http-8080
mars 12, 2014 5:26:20 PM org.apache.catalina.core.AprLifecycleListener init
Infos: The Apache Tomcat Native library which allows optimal performance in production environments was not found on the java.library.path: /usr/lib32:/usr/java/packages/lib/amd64:/usr/lib/x86_64-linux-gnu/jni:/lib/x86_64-linux-gnu:/usr/lib/x86_64-linux-gnu:/usr/lib/jni:/lib:/usr/lib
mars 12, 2014 5:26:20 PM org.apache.coyote.http11.Http11Protocol init
Infos: Initialisation de Coyote HTTP/1.1 sur http-8080
mars 12, 2014 5:26:20 PM org.apache.catalina.startup.Catalina load
Infos: Initialization processed in 434 ms
mars 12, 2014 5:26:20 PM org.apache.catalina.core.StandardService start
Infos: Démarrage du service Catalina
mars 12, 2014 5:26:20 PM org.apache.catalina.core.StandardEngine start
Infos: Starting Servlet Engine: Apache Tomcat/6.0.14
mars 12, 2014 5:26:20 PM org.apache.coyote.http11.Http11Protocol start
Infos: Démarrage de Coyote HTTP/1.1 sur http-8080
mars 12, 2014 5:26:20 PM org.apache.jk.common.ChannelSocket init
Infos: JK: ajp13 listening on /0.0.0.0:8009
mars 12, 2014 5:26:20 PM org.apache.jk.server.JkMain start
Infos: Jk running ID=0 time=0/24  config=null
mars 12, 2014 5:26:20 PM org.apache.catalina.startup.Catalina start
Infos: Server startup in 374 ms
mars 12, 2014 5:26:52 PM org.apache.coyote.http11.Http11Protocol pause
Infos: Suspension de Coyote HTTP/1.1 sur http-8080
mars 12, 2014 5:26:53 PM org.apache.catalina.core.StandardService stop
Infos: Arrêt du service Catalina
mars 12, 2014 5:26:53 PM org.apache.coyote.http11.Http11Protocol destroy
Infos: Arrêt de Coyote HTTP/1.1 sur http-8080
mars 12, 2014 5:26:58 PM org.apache.catalina.core.AprLifecycleListener init
Infos: The Apache Tomcat Native library which allows optimal performance in production environments was not found on the java.library.path: /usr/lib32:/usr/java/packages/lib/amd64:/usr/lib/x86_64-linux-gnu/jni:/lib/x86_64-linux-gnu:/usr/lib/x86_64-linux-gnu:/usr/lib/jni:/lib:/usr/lib
mars 12, 2014 5:26:58 PM org.apache.coyote.http11.Http11Protocol init
Infos: Initialisation de Coyote HTTP/1.1 sur http-8080
mars 12, 2014 5:26:58 PM org.apache.catalina.startup.Catalina load
Infos: Initialization processed in 425 ms
mars 12, 2014 5:26:58 PM org.apache.catalina.core.StandardService start
Infos: Démarrage du service Catalina
mars 12, 2014 5:26:58 PM org.apache.catalina.core.StandardEngine start
Infos: Starting Servlet Engine: Apache Tomcat/6.0.14
mars 12, 2014 5:26:59 PM org.apache.coyote.http11.Http11Protocol start
Infos: Démarrage de Coyote HTTP/1.1 sur http-8080
mars 12, 2014 5:26:59 PM org.apache.jk.common.ChannelSocket init
Infos: JK: ajp13 listening on /0.0.0.0:8009
mars 12, 2014 5:26:59 PM org.apache.jk.server.JkMain start
Infos: Jk running ID=0 time=0/19  config=null
mars 12, 2014 5:26:59 PM org.apache.catalina.startup.Catalina start
Infos: Server startup in 360 ms
mars 12, 2014 5:27:17 PM org.apache.coyote.http11.Http11Protocol pause
Infos: Suspension de Coyote HTTP/1.1 sur http-8080
mars 12, 2014 5:27:18 PM org.apache.catalina.core.StandardService stop
Infos: Arrêt du service Catalina
mars 12, 2014 5:27:18 PM org.apache.coyote.http11.Http11Protocol destroy
Infos: Arrêt de Coyote HTTP/1.1 sur http-8080
mars 12, 2014 5:27:20 PM org.apache.catalina.core.AprLifecycleListener init
Infos: The Apache Tomcat Native library which allows optimal performance in production environments was not found on the java.library.path: /usr/lib32:/usr/java/packages/lib/amd64:/usr/lib/x86_64-linux-gnu/jni:/lib/x86_64-linux-gnu:/usr/lib/x86_64-linux-gnu:/usr/lib/jni:/lib:/usr/lib
mars 12, 2014 5:27:20 PM org.apache.coyote.http11.Http11Protocol init
Infos: Initialisation de Coyote HTTP/1.1 sur http-8080
mars 12, 2014 5:27:20 PM org.apache.catalina.startup.Catalina load
Infos: Initialization processed in 451 ms
mars 12, 2014 5:27:20 PM org.apache.catalina.core.StandardService start
Infos: Démarrage du service Catalina
mars 12, 2014 5:27:20 PM org.apache.catalina.core.StandardEngine start
Infos: Starting Servlet Engine: Apache Tomcat/6.0.14
mars 12, 2014 5:27:20 PM org.apache.coyote.http11.Http11Protocol start
Infos: Démarrage de Coyote HTTP/1.1 sur http-8080
mars 12, 2014 5:27:20 PM org.apache.jk.common.ChannelSocket init
Infos: JK: ajp13 listening on /0.0.0.0:8009
mars 12, 2014 5:27:20 PM org.apache.jk.server.JkMain start
Infos: Jk running ID=0 time=0/31  config=null
mars 12, 2014 5:27:20 PM org.apache.catalina.startup.Catalina start
Infos: Server startup in 406 ms
mars 12, 2014 5:29:50 PM org.apache.coyote.http11.Http11Protocol pause
Infos: Suspension de Coyote HTTP/1.1 sur http-8080
mars 12, 2014 5:29:51 PM org.apache.catalina.core.StandardService stop
Infos: Arrêt du service Catalina
mars 12, 2014 5:29:51 PM org.apache.coyote.http11.Http11Protocol destroy
Infos: Arrêt de Coyote HTTP/1.1 sur http-8080
mars 12, 2014 5:30:20 PM org.apache.catalina.core.AprLifecycleListener init
Infos: The Apache Tomcat Native library which allows optimal performance in production environments was not found on the java.library.path: /usr/lib32:/usr/java/packages/lib/amd64:/usr/lib/x86_64-linux-gnu/jni:/lib/x86_64-linux-gnu:/usr/lib/x86_64-linux-gnu:/usr/lib/jni:/lib:/usr/lib
mars 12, 2014 5:30:20 PM org.apache.coyote.http11.Http11Protocol init
Infos: Initialisation de Coyote HTTP/1.1 sur http-8080
mars 12, 2014 5:30:20 PM org.apache.catalina.startup.Catalina load
Infos: Initialization processed in 425 ms
mars 12, 2014 5:30:20 PM org.apache.catalina.core.StandardService start
Infos: Démarrage du service Catalina
mars 12, 2014 5:30:20 PM org.apache.catalina.core.StandardEngine start
Infos: Starting Servlet Engine: Apache Tomcat/6.0.14
mars 12, 2014 5:30:20 PM org.apache.coyote.http11.Http11Protocol start
Infos: Démarrage de Coyote HTTP/1.1 sur http-8080
mars 12, 2014 5:30:20 PM org.apache.jk.common.ChannelSocket init
Infos: JK: ajp13 listening on /0.0.0.0:8009
mars 12, 2014 5:30:20 PM org.apache.jk.server.JkMain start
Infos: Jk running ID=0 time=0/19  config=null
mars 12, 2014 5:30:20 PM org.apache.catalina.startup.Catalina start
Infos: Server startup in 343 ms
mars 12, 2014 5:44:59 PM org.apache.coyote.http11.Http11Protocol pause
Infos: Suspension de Coyote HTTP/1.1 sur http-8080
mars 12, 2014 5:45:00 PM org.apache.catalina.core.StandardService stop
Infos: Arrêt du service Catalina
mars 12, 2014 5:45:00 PM org.apache.coyote.http11.Http11Protocol destroy
Infos: Arrêt de Coyote HTTP/1.1 sur http-8080
mars 12, 2014 5:47:29 PM org.apache.catalina.core.AprLifecycleListener init
Infos: The Apache Tomcat Native library which allows optimal performance in production environments was not found on the java.library.path: /usr/lib32:/usr/java/packages/lib/amd64:/usr/lib/x86_64-linux-gnu/jni:/lib/x86_64-linux-gnu:/usr/lib/x86_64-linux-gnu:/usr/lib/jni:/lib:/usr/lib
mars 12, 2014 5:47:29 PM org.apache.coyote.http11.Http11Protocol init
Infos: Initialisation de Coyote HTTP/1.1 sur http-8080
mars 12, 2014 5:47:29 PM org.apache.catalina.startup.Catalina load
Infos: Initialization processed in 440 ms
mars 12, 2014 5:47:29 PM org.apache.catalina.core.StandardService start
Infos: Démarrage du service Catalina
mars 12, 2014 5:47:29 PM org.apache.catalina.core.StandardEngine start
Infos: Starting Servlet Engine: Apache Tomcat/6.0.14
mars 12, 2014 5:47:29 PM org.apache.coyote.http11.Http11Protocol start
Infos: Démarrage de Coyote HTTP/1.1 sur http-8080
mars 12, 2014 5:47:29 PM org.apache.jk.common.ChannelSocket init
Infos: JK: ajp13 listening on /0.0.0.0:8009
mars 12, 2014 5:47:29 PM org.apache.jk.server.JkMain start
Infos: Jk running ID=0 time=0/20  config=null
mars 12, 2014 5:47:29 PM org.apache.catalina.startup.Catalina start
Infos: Server startup in 364 ms
mars 12, 2014 5:48:17 PM org.apache.coyote.http11.Http11Protocol pause
Infos: Suspension de Coyote HTTP/1.1 sur http-8080
mars 12, 2014 5:48:18 PM org.apache.catalina.core.StandardService stop
Infos: Arrêt du service Catalina
mars 12, 2014 5:48:19 PM org.apache.coyote.http11.Http11Protocol destroy
Infos: Arrêt de Coyote HTTP/1.1 sur http-8080
mars 12, 2014 5:48:21 PM org.apache.catalina.core.AprLifecycleListener init
Infos: The Apache Tomcat Native library which allows optimal performance in production environments was not found on the java.library.path: /usr/lib32:/usr/java/packages/lib/amd64:/usr/lib/x86_64-linux-gnu/jni:/lib/x86_64-linux-gnu:/usr/lib/x86_64-linux-gnu:/usr/lib/jni:/lib:/usr/lib
mars 12, 2014 5:48:22 PM org.apache.coyote.http11.Http11Protocol init
Infos: Initialisation de Coyote HTTP/1.1 sur http-8080
mars 12, 2014 5:48:22 PM org.apache.catalina.startup.Catalina load
Infos: Initialization processed in 425 ms
mars 12, 2014 5:48:22 PM org.apache.catalina.core.StandardService start
Infos: Démarrage du service Catalina
mars 12, 2014 5:48:22 PM org.apache.catalina.core.StandardEngine start
Infos: Starting Servlet Engine: Apache Tomcat/6.0.14
mars 12, 2014 5:48:22 PM org.apache.coyote.http11.Http11Protocol start
Infos: Démarrage de Coyote HTTP/1.1 sur http-8080
mars 12, 2014 5:48:22 PM org.apache.jk.common.ChannelSocket init
Infos: JK: ajp13 listening on /0.0.0.0:8009
mars 12, 2014 5:48:22 PM org.apache.jk.server.JkMain start
Infos: Jk running ID=0 time=0/20  config=null
mars 12, 2014 5:48:22 PM org.apache.catalina.startup.Catalina start
Infos: Server startup in 363 ms
mars 12, 2014 5:50:26 PM org.apache.coyote.http11.Http11Protocol pause
Infos: Suspension de Coyote HTTP/1.1 sur http-8080
mars 12, 2014 5:50:27 PM org.apache.catalina.core.StandardService stop
Infos: Arrêt du service Catalina
mars 12, 2014 5:50:27 PM org.apache.coyote.http11.Http11Protocol destroy
Infos: Arrêt de Coyote HTTP/1.1 sur http-8080
mars 12, 2014 5:50:51 PM org.apache.catalina.core.AprLifecycleListener init
Infos: The Apache Tomcat Native library which allows optimal performance in production environments was not found on the java.library.path: /usr/lib32:/usr/java/packages/lib/amd64:/usr/lib/x86_64-linux-gnu/jni:/lib/x86_64-linux-gnu:/usr/lib/x86_64-linux-gnu:/usr/lib/jni:/lib:/usr/lib
mars 12, 2014 5:50:51 PM org.apache.coyote.http11.Http11Protocol init
Infos: Initialisation de Coyote HTTP/1.1 sur http-8080
mars 12, 2014 5:50:51 PM org.apache.catalina.startup.Catalina load
Infos: Initialization processed in 421 ms
mars 12, 2014 5:50:51 PM org.apache.catalina.core.StandardService start
Infos: Démarrage du service Catalina
mars 12, 2014 5:50:51 PM org.apache.catalina.core.StandardEngine start
Infos: Starting Servlet Engine: Apache Tomcat/6.0.14
mars 12, 2014 5:50:51 PM org.apache.coyote.http11.Http11Protocol start
Infos: Démarrage de Coyote HTTP/1.1 sur http-8080
mars 12, 2014 5:50:51 PM org.apache.jk.common.ChannelSocket init
Infos: JK: ajp13 listening on /0.0.0.0:8009
mars 12, 2014 5:50:51 PM org.apache.jk.server.JkMain start
Infos: Jk running ID=0 time=0/26  config=null
mars 12, 2014 5:50:51 PM org.apache.catalina.startup.Catalina start
Infos: Server startup in 363 ms
mars 12, 2014 5:56:01 PM org.apache.catalina.startup.HostConfig checkResources
Infos: Reloading context []
mars 12, 2014 5:56:03 PM org.apache.coyote.http11.Http11Protocol pause
Infos: Suspension de Coyote HTTP/1.1 sur http-8080
mars 12, 2014 5:56:04 PM org.apache.catalina.core.StandardService stop
Infos: Arrêt du service Catalina
mars 12, 2014 5:56:04 PM org.apache.coyote.http11.Http11Protocol destroy
Infos: Arrêt de Coyote HTTP/1.1 sur http-8080
mars 12, 2014 5:56:21 PM org.apache.catalina.core.AprLifecycleListener init
Infos: The Apache Tomcat Native library which allows optimal performance in production environments was not found on the java.library.path: /usr/lib32:/usr/java/packages/lib/amd64:/usr/lib/x86_64-linux-gnu/jni:/lib/x86_64-linux-gnu:/usr/lib/x86_64-linux-gnu:/usr/lib/jni:/lib:/usr/lib
mars 12, 2014 5:56:21 PM org.apache.coyote.http11.Http11Protocol init
Infos: Initialisation de Coyote HTTP/1.1 sur http-8080
mars 12, 2014 5:56:21 PM org.apache.catalina.startup.Catalina load
Infos: Initialization processed in 431 ms
mars 12, 2014 5:56:21 PM org.apache.catalina.core.StandardService start
Infos: Démarrage du service Catalina
mars 12, 2014 5:56:21 PM org.apache.catalina.core.StandardEngine start
Infos: Starting Servlet Engine: Apache Tomcat/6.0.14
mars 12, 2014 5:56:21 PM org.apache.coyote.http11.Http11Protocol start
Infos: Démarrage de Coyote HTTP/1.1 sur http-8080
mars 12, 2014 5:56:21 PM org.apache.jk.common.ChannelSocket init
Infos: JK: ajp13 listening on /0.0.0.0:8009
mars 12, 2014 5:56:21 PM org.apache.jk.server.JkMain start
Infos: Jk running ID=0 time=0/23  config=null
mars 12, 2014 5:56:21 PM org.apache.catalina.startup.Catalina start
Infos: Server startup in 386 ms
mars 12, 2014 5:56:46 PM org.apache.coyote.http11.Http11Protocol pause
Infos: Suspension de Coyote HTTP/1.1 sur http-8080
mars 12, 2014 5:56:47 PM org.apache.catalina.core.StandardService stop
Infos: Arrêt du service Catalina
mars 12, 2014 5:56:47 PM org.apache.coyote.http11.Http11Protocol destroy
Infos: Arrêt de Coyote HTTP/1.1 sur http-8080
mars 12, 2014 5:56:51 PM org.apache.catalina.core.AprLifecycleListener init
Infos: The Apache Tomcat Native library which allows optimal performance in production environments was not found on the java.library.path: /usr/lib32:/usr/java/packages/lib/amd64:/usr/lib/x86_64-linux-gnu/jni:/lib/x86_64-linux-gnu:/usr/lib/x86_64-linux-gnu:/usr/lib/jni:/lib:/usr/lib
mars 12, 2014 5:56:51 PM org.apache.coyote.http11.Http11Protocol init
Infos: Initialisation de Coyote HTTP/1.1 sur http-8080
mars 12, 2014 5:56:51 PM org.apache.catalina.startup.Catalina load
Infos: Initialization processed in 430 ms
mars 12, 2014 5:56:51 PM org.apache.catalina.core.StandardService start
Infos: Démarrage du service Catalina
mars 12, 2014 5:56:51 PM org.apache.catalina.core.StandardEngine start
Infos: Starting Servlet Engine: Apache Tomcat/6.0.14
mars 12, 2014 5:56:51 PM org.apache.coyote.http11.Http11Protocol start
Infos: Démarrage de Coyote HTTP/1.1 sur http-8080
mars 12, 2014 5:56:51 PM org.apache.jk.common.ChannelSocket init
Infos: JK: ajp13 listening on /0.0.0.0:8009
mars 12, 2014 5:56:51 PM org.apache.jk.server.JkMain start
Infos: Jk running ID=0 time=0/23  config=null
mars 12, 2014 5:56:51 PM org.apache.catalina.startup.Catalina start
Infos: Server startup in 386 ms
mars 12, 2014 6:11:31 PM org.apache.catalina.startup.HostConfig checkResources
Infos: Reloading context []
mars 12, 2014 6:11:48 PM org.apache.coyote.http11.Http11Protocol pause
Infos: Suspension de Coyote HTTP/1.1 sur http-8080
mars 12, 2014 6:11:49 PM org.apache.catalina.core.StandardService stop
Infos: Arrêt du service Catalina
mars 12, 2014 6:11:49 PM org.apache.coyote.http11.Http11Protocol destroy
Infos: Arrêt de Coyote HTTP/1.1 sur http-8080
mars 12, 2014 6:11:55 PM org.apache.catalina.core.AprLifecycleListener init
Infos: The Apache Tomcat Native library which allows optimal performance in production environments was not found on the java.library.path: /usr/lib32:/usr/java/packages/lib/amd64:/usr/lib/x86_64-linux-gnu/jni:/lib/x86_64-linux-gnu:/usr/lib/x86_64-linux-gnu:/usr/lib/jni:/lib:/usr/lib
mars 12, 2014 6:11:55 PM org.apache.coyote.http11.Http11Protocol init
Infos: Initialisation de Coyote HTTP/1.1 sur http-8080
mars 12, 2014 6:11:55 PM org.apache.catalina.startup.Catalina load
Infos: Initialization processed in 418 ms
mars 12, 2014 6:11:55 PM org.apache.catalina.core.StandardService start
Infos: Démarrage du service Catalina
mars 12, 2014 6:11:55 PM org.apache.catalina.core.StandardEngine start
Infos: Starting Servlet Engine: Apache Tomcat/6.0.14
mars 12, 2014 6:11:55 PM org.apache.coyote.http11.Http11Protocol start
Infos: Démarrage de Coyote HTTP/1.1 sur http-8080
mars 12, 2014 6:11:55 PM org.apache.jk.common.ChannelSocket init
Infos: JK: ajp13 listening on /0.0.0.0:8009
mars 12, 2014 6:11:55 PM org.apache.jk.server.JkMain start
Infos: Jk running ID=0 time=0/27  config=null
mars 12, 2014 6:11:55 PM org.apache.catalina.startup.Catalina start
Infos: Server startup in 359 ms
mars 12, 2014 6:17:36 PM org.apache.coyote.http11.Http11Protocol pause
Infos: Suspension de Coyote HTTP/1.1 sur http-8080
mars 12, 2014 6:17:37 PM org.apache.catalina.core.StandardService stop
Infos: Arrêt du service Catalina
mars 12, 2014 6:17:37 PM org.apache.coyote.http11.Http11Protocol destroy
Infos: Arrêt de Coyote HTTP/1.1 sur http-8080
mars 12, 2014 6:17:47 PM org.apache.catalina.core.AprLifecycleListener init
Infos: The Apache Tomcat Native library which allows optimal performance in production environments was not found on the java.library.path: /usr/lib32:/usr/java/packages/lib/amd64:/usr/lib/x86_64-linux-gnu/jni:/lib/x86_64-linux-gnu:/usr/lib/x86_64-linux-gnu:/usr/lib/jni:/lib:/usr/lib
mars 12, 2014 6:17:47 PM org.apache.coyote.http11.Http11Protocol init
Infos: Initialisation de Coyote HTTP/1.1 sur http-8080
mars 12, 2014 6:17:47 PM org.apache.catalina.startup.Catalina load
Infos: Initialization processed in 419 ms
mars 12, 2014 6:17:47 PM org.apache.catalina.core.StandardService start
Infos: Démarrage du service Catalina
mars 12, 2014 6:17:47 PM org.apache.catalina.core.StandardEngine start
Infos: Starting Servlet Engine: Apache Tomcat/6.0.14
mars 12, 2014 6:17:48 PM org.apache.coyote.http11.Http11Protocol start
Infos: Démarrage de Coyote HTTP/1.1 sur http-8080
mars 12, 2014 6:17:48 PM org.apache.jk.common.ChannelSocket init
Infos: JK: ajp13 listening on /0.0.0.0:8009
mars 12, 2014 6:17:48 PM org.apache.jk.server.JkMain start
Infos: Jk running ID=0 time=0/29  config=null
mars 12, 2014 6:17:48 PM org.apache.catalina.startup.Catalina start
Infos: Server startup in 370 ms
mars 12, 2014 6:19:14 PM org.apache.coyote.http11.Http11Protocol pause
Infos: Suspension de Coyote HTTP/1.1 sur http-8080
mars 12, 2014 6:19:15 PM org.apache.catalina.core.StandardService stop
Infos: Arrêt du service Catalina
mars 12, 2014 6:19:15 PM org.apache.coyote.http11.Http11Protocol destroy
Infos: Arrêt de Coyote HTTP/1.1 sur http-8080
